<?xml version="1.0" encoding="UTF-8"?>
<coverage generated="1683061958245" clover="4.4.1">
   <project name="client" timestamp="1683061958009">
      <metrics coveredelements="1511" complexity="327" loc="3394" methods="134" classes="20" statements="1305" packages="2" coveredconditionals="228" coveredmethods="123" elements="1713" ncloc="2443" files="18" conditionals="274" coveredstatements="1160"/>
      <package name="edu.duke.ece651.team16.client">
         <metrics coveredelements="0" complexity="9" loc="168" methods="5" classes="2" statements="71" coveredconditionals="0" coveredmethods="0" elements="80" ncloc="126" files="1" conditionals="4" coveredstatements="0"/>
         <file path="/Users/yume/Desktop/DUKE/Curricular/23Spr/651/teamproject/Risk_Game/client/src/main/java/edu/duke/ece651/team16/client/App.java" name="App.java">
            <metrics coveredelements="0" coveredconditionals="0" complexity="9" loc="168" coveredmethods="0" methods="5" elements="80" classes="2" ncloc="126" statements="71" conditionals="4" coveredstatements="0"/>
            <class name="App">
               <metrics coveredelements="0" coveredconditionals="0" complexity="4" coveredmethods="0" methods="3" elements="22" statements="19" conditionals="0" coveredstatements="0"/>
            </class>
            <class name="App.CustomTab">
               <metrics coveredelements="0" coveredconditionals="0" complexity="5" coveredmethods="0" methods="2" elements="58" statements="52" conditionals="4" coveredstatements="0"/>
            </class>
            <line complexity="2" visibility="public" signature="start(Stage) : void" num="36" count="0" type="method"/>
            <line num="38" count="0" type="stmt"/>
            <line num="39" count="0" type="stmt"/>
            <line num="40" count="0" type="stmt"/>
            <line num="41" count="0" type="stmt"/>
            <line num="43" count="0" type="stmt"/>
            <line num="44" count="0" type="stmt"/>
            <line num="45" count="0" type="stmt"/>
            <line num="47" count="0" type="stmt"/>
            <line num="48" count="0" type="stmt"/>
            <line num="49" count="0" type="stmt"/>
            <line num="51" count="0" type="stmt"/>
            <line complexity="1" visibility="public" signature="addMusic() : void" num="58" count="0" type="method"/>
            <line num="59" count="0" type="stmt"/>
            <line num="60" count="0" type="stmt"/>
            <line num="61" count="0" type="stmt"/>
            <line num="62" count="0" type="stmt"/>
            <line num="63" count="0" type="stmt"/>
            <line num="64" count="0" type="stmt"/>
            <line num="65" count="0" type="stmt"/>
            <line complexity="1" visibility="public" signature="main(String[]) : void" num="73" count="0" type="method"/>
            <line num="74" count="0" type="stmt"/>
            <line complexity="3" visibility="public" signature="CustomTab(int,AnchorPane)" num="90" count="0" type="method"/>
            <line num="91" count="0" type="stmt"/>
            <line num="92" count="0" type="stmt"/>
            <line num="93" count="0" type="stmt"/>
            <line num="94" count="0" type="stmt"/>
            <line num="95" count="0" type="stmt"/>
            <line num="96" count="0" type="stmt"/>
            <line num="97" count="0" type="stmt"/>
            <line num="98" count="0" type="stmt"/>
            <line num="99" count="0" type="stmt"/>
            <line num="100" count="0" type="stmt"/>
            <line num="101" count="0" type="stmt"/>
            <line num="102" count="0" type="stmt"/>
            <line num="103" count="0" type="stmt"/>
            <line num="105" count="0" type="stmt"/>
            <line num="108" count="0" type="stmt"/>
            <line num="109" count="0" type="stmt"/>
            <line num="111" count="0" type="stmt"/>
            <line falsecount="0" truecount="0" num="111" type="cond"/>
            <line num="112" count="0" type="stmt"/>
            <line num="113" count="0" type="stmt"/>
            <line num="114" count="0" type="stmt"/>
            <line num="115" count="0" type="stmt"/>
            <line num="116" count="0" type="stmt"/>
            <line num="118" count="0" type="stmt"/>
            <line num="119" count="0" type="stmt"/>
            <line num="120" count="0" type="stmt"/>
            <line num="121" count="0" type="stmt"/>
            <line num="122" count="0" type="stmt"/>
            <line complexity="2" visibility="private" signature="createDialog() : void" num="129" count="0" type="method"/>
            <line num="130" count="0" type="stmt"/>
            <line num="131" count="0" type="stmt"/>
            <line num="133" count="0" type="stmt"/>
            <line num="135" count="0" type="stmt"/>
            <line num="136" count="0" type="stmt"/>
            <line num="137" count="0" type="stmt"/>
            <line num="138" count="0" type="stmt"/>
            <line num="140" count="0" type="stmt"/>
            <line num="141" count="0" type="stmt"/>
            <line num="142" count="0" type="stmt"/>
            <line num="143" count="0" type="stmt"/>
            <line num="146" count="0" type="stmt"/>
            <line num="147" count="0" type="stmt"/>
            <line num="148" count="0" type="stmt"/>
            <line num="149" count="0" type="stmt"/>
            <line num="152" count="0" type="stmt"/>
            <line num="153" count="0" type="stmt"/>
            <line falsecount="0" truecount="0" num="153" type="cond"/>
            <line num="154" count="0" type="stmt"/>
            <line num="158" count="0" type="stmt"/>
            <line num="159" count="0" type="stmt"/>
            <line num="160" count="0" type="stmt"/>
            <line num="161" count="0" type="stmt"/>
            <line num="162" count="0" type="stmt"/>
            <line num="163" count="0" type="stmt"/>
            <line num="164" count="0" type="stmt"/>
         </file>
      </package>
      <package name="edu.duke.ece651.team16.controller">
         <metrics coveredelements="1511" complexity="318" loc="3226" methods="129" classes="18" statements="1234" coveredconditionals="228" coveredmethods="123" elements="1633" ncloc="2317" files="17" conditionals="270" coveredstatements="1160"/>
         <file path="/Users/yume/Desktop/DUKE/Curricular/23Spr/651/teamproject/Risk_Game/client/src/main/java/edu/duke/ece651/team16/controller/Client.java" name="Client.java">
            <metrics coveredelements="140" coveredconditionals="28" complexity="43" loc="318" coveredmethods="18" methods="18" elements="148" classes="1" ncloc="195" statements="102" conditionals="28" coveredstatements="94"/>
            <class name="Client">
               <metrics coveredelements="140" coveredconditionals="28" complexity="43" coveredmethods="18" methods="18" elements="148" statements="102" conditionals="28" coveredstatements="94"/>
            </class>
            <line complexity="1" visibility="public" signature="Client(BufferedReader,PrintStream,BufferedReader,PrintWriter)" num="39" count="22" type="method"/>
            <line num="41" count="22" type="stmt"/>
            <line num="42" count="22" type="stmt"/>
            <line num="43" count="22" type="stmt"/>
            <line num="44" count="22" type="stmt"/>
            <line num="45" count="22" type="stmt"/>
            <line num="46" count="22" type="stmt"/>
            <line num="47" count="22" type="stmt"/>
            <line num="48" count="22" type="stmt"/>
            <line num="49" count="22" type="stmt"/>
            <line complexity="1" visibility="public" signature="ifExit() : boolean" num="57" count="1" type="method"/>
            <line num="58" count="1" type="stmt"/>
            <line complexity="4" visibility="public" signature="recvMsg() : String" num="69" count="169" type="method"/>
            <line num="70" count="169" type="stmt"/>
            <line num="71" count="169" type="stmt"/>
            <line num="72" count="169" type="stmt"/>
            <line falsecount="169" truecount="171" num="72" type="cond"/>
            <line num="73" count="171" type="stmt"/>
            <line num="74" count="171" type="stmt"/>
            <line num="75" count="170" type="stmt"/>
            <line falsecount="1" truecount="169" num="75" type="cond"/>
            <line num="76" count="169" type="stmt"/>
            <line num="79" count="1" type="stmt"/>
            <line num="82" count="169" type="stmt"/>
            <line complexity="1" visibility="public" signature="sendResponse(String) : void" num="91" count="59" type="method"/>
            <line num="92" count="59" type="stmt"/>
            <line complexity="3" visibility="public" signature="waitEveryoneDone() : void" num="100" count="12" type="method"/>
            <line num="101" count="12" type="stmt"/>
            <line num="102" count="12" type="stmt"/>
            <line num="103" count="12" type="stmt"/>
            <line falsecount="12" truecount="13" num="103" type="cond"/>
            <line num="104" count="13" type="stmt"/>
            <line falsecount="1" truecount="12" num="104" type="cond"/>
            <line num="105" count="12" type="stmt"/>
            <line num="107" count="1" type="stmt"/>
            <line complexity="3" visibility="public" signature="playerChooseColor(String) : boolean" num="117" count="4" type="method"/>
            <line num="118" count="4" type="stmt"/>
            <line num="119" count="4" type="stmt"/>
            <line num="121" count="4" type="stmt"/>
            <line num="122" count="4" type="stmt"/>
            <line falsecount="2" truecount="2" num="122" type="cond"/>
            <line num="124" count="2" type="stmt"/>
            <line num="125" count="2" type="stmt"/>
            <line num="126" count="2" type="stmt"/>
            <line num="129" count="0" type="stmt"/>
            <line num="131" count="2" type="stmt"/>
            <line complexity="1" visibility="public" signature="setColor(String) : void" num="135" count="3" type="method"/>
            <line num="136" count="3" type="stmt"/>
            <line complexity="1" visibility="public" signature="setRoomID(String) : void" num="139" count="2" type="method"/>
            <line num="140" count="2" type="stmt"/>
            <line complexity="1" visibility="public" signature="getColor() : String" num="148" count="11" type="method"/>
            <line num="149" count="11" type="stmt"/>
            <line complexity="1" visibility="public" signature="getRoom() : String" num="152" count="2" type="method"/>
            <line num="153" count="2" type="stmt"/>
            <line complexity="4" visibility="public" signature="playerChooseNum(String) : void" num="161" count="5" type="method"/>
            <line num="163" count="5" type="stmt"/>
            <line num="164" count="5" type="stmt"/>
            <line falsecount="4" truecount="1" num="164" type="cond"/>
            <line num="165" count="1" type="stmt"/>
            <line num="166" count="1" type="stmt"/>
            <line num="169" count="4" type="stmt"/>
            <line num="170" count="4" type="stmt"/>
            <line num="171" count="4" type="stmt"/>
            <line num="172" count="4" type="stmt"/>
            <line falsecount="3" truecount="1" num="172" type="cond"/>
            <line num="173" count="1" type="stmt"/>
            <line num="176" count="0" type="stmt"/>
            <line complexity="3" visibility="public" signature="playerAssignUnit(String) : void" num="186" count="9" type="method"/>
            <line num="187" count="9" type="stmt"/>
            <line num="188" count="9" type="stmt"/>
            <line falsecount="7" truecount="2" num="188" type="cond"/>
            <line num="189" count="2" type="stmt"/>
            <line num="190" count="2" type="stmt"/>
            <line num="192" count="7" type="stmt"/>
            <line num="193" count="7" type="stmt"/>
            <line num="194" count="7" type="stmt"/>
            <line num="196" count="0" type="stmt"/>
            <line complexity="9" visibility="public" signature="playerOneAction(ArrayList&lt;String&gt;) : String" num="206" count="23" type="method"/>
            <line num="207" count="23" type="stmt"/>
            <line num="208" count="23" type="stmt"/>
            <line num="209" count="23" type="stmt"/>
            <line num="210" count="23" type="stmt"/>
            <line num="211" count="23" type="stmt"/>
            <line num="212" count="23" type="stmt"/>
            <line falsecount="13" truecount="10" num="212" type="cond"/>
            <line num="213" count="10" type="stmt"/>
            <line num="214" count="10" type="stmt"/>
            <line num="215" count="10" type="stmt"/>
            <line falsecount="1" truecount="9" num="215" type="cond"/>
            <line num="216" count="9" type="stmt"/>
            <line num="218" count="10" type="stmt"/>
            <line num="220" count="13" type="stmt"/>
            <line num="221" count="13" type="stmt"/>
            <line num="222" count="13" type="stmt"/>
            <line falsecount="1" truecount="12" num="222" type="cond"/>
            <line num="224" count="12" type="stmt"/>
            <line num="227" count="13" type="stmt"/>
            <line num="228" count="13" type="stmt"/>
            <line num="230" count="0" type="stmt"/>
            <line num="233" count="0" type="stmt"/>
            <line complexity="3" visibility="public" signature="checkMoveInputFormat(String) : boolean" num="242" count="3" type="method"/>
            <line num="243" count="3" type="stmt"/>
            <line num="244" count="3" type="stmt"/>
            <line falsecount="2" truecount="1" num="244" type="cond"/>
            <line num="245" count="1" type="stmt"/>
            <line num="247" count="2" type="stmt"/>
            <line num="248" count="2" type="stmt"/>
            <line falsecount="1" truecount="1" num="248" type="cond"/>
            <line num="249" count="1" type="stmt"/>
            <line num="251" count="1" type="stmt"/>
            <line complexity="3" visibility="public" signature="playerChooseWatch(String) : void" num="260" count="3" type="method"/>
            <line num="262" count="3" type="stmt"/>
            <line num="263" count="3" type="stmt"/>
            <line num="264" count="3" type="stmt"/>
            <line num="266" count="3" type="stmt"/>
            <line num="267" count="3" type="stmt"/>
            <line falsecount="2" truecount="1" num="267" type="cond"/>
            <line num="269" count="1" type="stmt"/>
            <line num="270" count="1" type="stmt"/>
            <line num="272" count="2" type="stmt"/>
            <line num="273" count="2" type="stmt"/>
            <line num="276" count="0" type="stmt"/>
            <line complexity="1" visibility="public" signature="getClientSocket() : Socket" num="286" count="2" type="method"/>
            <line num="287" count="2" type="stmt"/>
            <line complexity="1" visibility="public" signature="setClientSocket(Socket) : void" num="295" count="3" type="method"/>
            <line num="296" count="3" type="stmt"/>
            <line complexity="2" visibility="public" signature="playerChooseRoom(String) : String" num="306" count="4" type="method"/>
            <line num="307" count="4" type="stmt"/>
            <line num="308" count="4" type="stmt"/>
            <line num="309" count="4" type="stmt"/>
            <line num="311" count="4" type="stmt"/>
            <line num="312" count="4" type="stmt"/>
            <line num="314" count="0" type="stmt"/>
            <line num="316" count="0" type="stmt"/>
         </file>
         <file path="/Users/yume/Desktop/DUKE/Curricular/23Spr/651/teamproject/Risk_Game/client/src/main/java/edu/duke/ece651/team16/controller/AlertBox.java" name="AlertBox.java">
            <metrics coveredelements="20" coveredconditionals="0" complexity="2" loc="52" coveredmethods="2" methods="2" elements="20" classes="1" ncloc="35" statements="18" conditionals="0" coveredstatements="18"/>
            <class name="AlertBox">
               <metrics coveredelements="20" coveredconditionals="0" complexity="2" coveredmethods="2" methods="2" elements="20" statements="18" conditionals="0" coveredstatements="18"/>
            </class>
            <line complexity="1" visibility="public" signature="displayImageAlert(String,String) : void" num="22" count="2" type="method"/>
            <line num="23" count="2" type="stmt"/>
            <line num="24" count="2" type="stmt"/>
            <line num="25" count="2" type="stmt"/>
            <line num="26" count="2" type="stmt"/>
            <line num="27" count="2" type="stmt"/>
            <line num="28" count="2" type="stmt"/>
            <line num="29" count="2" type="stmt"/>
            <line num="30" count="2" type="stmt"/>
            <line num="31" count="2" type="stmt"/>
            <line num="32" count="2" type="stmt"/>
            <line num="33" count="2" type="stmt"/>
            <line num="34" count="2" type="stmt"/>
            <line num="35" count="2" type="stmt"/>
            <line complexity="1" visibility="public" signature="showAlert(String,String) : void" num="45" count="3" type="method"/>
            <line num="46" count="3" type="stmt"/>
            <line num="47" count="3" type="stmt"/>
            <line num="48" count="3" type="stmt"/>
            <line num="49" count="3" type="stmt"/>
            <line num="50" count="3" type="stmt"/>
         </file>
         <file path="/Users/yume/Desktop/DUKE/Curricular/23Spr/651/teamproject/Risk_Game/client/src/main/java/edu/duke/ece651/team16/controller/ChatClient.java" name="ChatClient.java">
            <metrics coveredelements="20" coveredconditionals="4" complexity="6" loc="64" coveredmethods="3" methods="3" elements="21" classes="1" ncloc="44" statements="14" conditionals="4" coveredstatements="13"/>
            <class name="ChatClient">
               <metrics coveredelements="20" coveredconditionals="4" complexity="6" coveredmethods="3" methods="3" elements="21" statements="14" conditionals="4" coveredstatements="13"/>
            </class>
            <line complexity="1" visibility="public" signature="ChatClient(BufferedReader,PrintStream,BufferedReader,PrintWriter)" num="23" count="1" type="method"/>
            <line num="25" count="1" type="stmt"/>
            <line num="26" count="1" type="stmt"/>
            <line num="27" count="1" type="stmt"/>
            <line num="28" count="1" type="stmt"/>
            <line complexity="4" visibility="public" signature="recvMsg() : String" num="39" count="2" type="method"/>
            <line num="40" count="2" type="stmt"/>
            <line num="41" count="2" type="stmt"/>
            <line num="42" count="2" type="stmt"/>
            <line falsecount="2" truecount="3" num="42" type="cond"/>
            <line num="43" count="3" type="stmt"/>
            <line num="44" count="3" type="stmt"/>
            <line num="45" count="3" type="stmt"/>
            <line falsecount="1" truecount="2" num="45" type="cond"/>
            <line num="46" count="2" type="stmt"/>
            <line num="49" count="0" type="stmt"/>
            <line num="52" count="2" type="stmt"/>
            <line complexity="1" visibility="public" signature="sendResponse(String) : void" num="61" count="1" type="method"/>
            <line num="62" count="1" type="stmt"/>
         </file>
         <file path="/Users/yume/Desktop/DUKE/Curricular/23Spr/651/teamproject/Risk_Game/client/src/main/java/edu/duke/ece651/team16/controller/ConnClient.java" name="ConnClient.java">
            <metrics coveredelements="35" coveredconditionals="8" complexity="11" loc="81" coveredmethods="4" methods="4" elements="35" classes="1" ncloc="54" statements="23" conditionals="8" coveredstatements="23"/>
            <class name="ConnClient">
               <metrics coveredelements="35" coveredconditionals="8" complexity="11" coveredmethods="4" methods="4" elements="35" statements="23" conditionals="8" coveredstatements="23"/>
            </class>
            <line complexity="2" visibility="public" signature="ConnClient(Socket)" num="21" count="11" type="method"/>
            <line num="22" count="11" type="stmt"/>
            <line num="23" count="11" type="stmt"/>
            <line num="24" count="11" type="stmt"/>
            <line num="25" count="10" type="stmt"/>
            <line num="28" count="1" type="stmt"/>
            <line complexity="2" visibility="public" signature="send(String) : void" num="37" count="13" type="method"/>
            <line num="38" count="13" type="stmt"/>
            <line falsecount="1" truecount="12" num="38" type="cond"/>
            <line num="39" count="12" type="stmt"/>
            <line num="41" count="1" type="stmt"/>
            <line complexity="5" visibility="public" signature="recv() : String" num="50" count="10" type="method"/>
            <line num="51" count="10" type="stmt"/>
            <line num="52" count="10" type="stmt"/>
            <line num="53" count="10" type="stmt"/>
            <line falsecount="7" truecount="436624918" num="53" type="cond"/>
            <line num="54" count="436624944" type="stmt"/>
            <line num="55" count="436624946" type="stmt"/>
            <line num="56" count="436624945" type="stmt"/>
            <line falsecount="436624942" truecount="7" num="56" type="cond"/>
            <line num="57" count="7" type="stmt"/>
            <line num="58" count="7" type="stmt"/>
            <line falsecount="6" truecount="1" num="58" type="cond"/>
            <line num="59" count="1" type="stmt"/>
            <line num="63" count="1" type="stmt"/>
            <line num="64" count="1" type="stmt"/>
            <line num="68" count="8" type="stmt"/>
            <line complexity="2" visibility="public" signature="close() : void" num="74" count="7" type="method"/>
            <line num="75" count="7" type="stmt"/>
            <line num="76" count="7" type="stmt"/>
            <line num="78" count="1" type="stmt"/>
         </file>
         <file path="/Users/yume/Desktop/DUKE/Curricular/23Spr/651/teamproject/Risk_Game/client/src/main/java/edu/duke/ece651/team16/controller/MapParser.java" name="MapParser.java">
            <metrics coveredelements="102" coveredconditionals="17" complexity="22" loc="194" coveredmethods="11" methods="12" elements="105" classes="1" ncloc="135" statements="75" conditionals="18" coveredstatements="74"/>
            <class name="MapParser">
               <metrics coveredelements="102" coveredconditionals="17" complexity="22" coveredmethods="11" methods="12" elements="105" statements="75" conditionals="18" coveredstatements="74"/>
            </class>
            <line complexity="1" visibility="package" signature="MapParser(String)" num="17" count="7" type="method"/>
            <line num="18" count="7" type="stmt"/>
            <line num="19" count="7" type="stmt"/>
            <line num="20" count="7" type="stmt"/>
            <line complexity="1" visibility="public" signature="setPlayer(String) : void" num="28" count="6" type="method"/>
            <line num="29" count="6" type="stmt"/>
            <line complexity="1" visibility="public" signature="getPlayer() : String" num="37" count="0" type="method"/>
            <line num="38" count="0" type="stmt"/>
            <line complexity="1" visibility="public" signature="setMap(String) : void" num="46" count="24" type="method"/>
            <line num="47" count="24" type="stmt"/>
            <line complexity="2" visibility="public" signature="getMyInitTerritory() : List&lt;String&gt;" num="56" count="5" type="method"/>
            <line num="57" count="5" type="stmt"/>
            <line num="58" count="5" type="stmt"/>
            <line num="59" count="7" type="stmt"/>
            <line num="60" count="7" type="stmt"/>
            <line falsecount="3" truecount="4" num="60" type="cond"/>
            <line num="61" count="4" type="stmt"/>
            <line num="62" count="4" type="stmt"/>
            <line num="63" count="7" type="stmt"/>
            <line num="67" count="5" type="stmt"/>
            <line complexity="2" visibility="public" signature="getTerritoryInfo(String) : HashMap&lt;String, String&gt;" num="76" count="358" type="method"/>
            <line num="77" count="358" type="stmt"/>
            <line num="78" count="358" type="stmt"/>
            <line num="79" count="998" type="stmt"/>
            <line num="80" count="998" type="stmt"/>
            <line num="81" count="998" type="stmt"/>
            <line num="82" count="3878" type="stmt"/>
            <line num="83" count="3878" type="stmt"/>
            <line falsecount="3563" truecount="315" num="83" type="cond"/>
            <line num="84" count="315" type="stmt"/>
            <line num="85" count="315" type="stmt"/>
            <line num="86" count="315" type="stmt"/>
            <line num="87" count="315" type="stmt"/>
            <line num="88" count="315" type="stmt"/>
            <line num="89" count="315" type="stmt"/>
            <line num="93" count="358" type="stmt"/>
            <line complexity="2" visibility="public" signature="getMyTerritory() : List&lt;String&gt;" num="101" count="12" type="method"/>
            <line num="102" count="12" type="stmt"/>
            <line num="103" count="12" type="stmt"/>
            <line num="104" count="30" type="stmt"/>
            <line num="105" count="30" type="stmt"/>
            <line falsecount="19" truecount="11" num="105" type="cond"/>
            <line num="106" count="11" type="stmt"/>
            <line num="107" count="11" type="stmt"/>
            <line num="108" count="47" type="stmt"/>
            <line num="109" count="47" type="stmt"/>
            <line num="113" count="12" type="stmt"/>
            <line complexity="2" visibility="public" signature="getAllyTerritory(String) : List&lt;String&gt;" num="116" count="12" type="method"/>
            <line num="117" count="12" type="stmt"/>
            <line num="118" count="12" type="stmt"/>
            <line num="119" count="36" type="stmt"/>
            <line num="120" count="36" type="stmt"/>
            <line falsecount="24" truecount="12" num="120" type="cond"/>
            <line num="121" count="12" type="stmt"/>
            <line num="122" count="12" type="stmt"/>
            <line num="123" count="36" type="stmt"/>
            <line num="124" count="36" type="stmt"/>
            <line num="128" count="12" type="stmt"/>
            <line complexity="2" visibility="private" signature="getMapObject(String) : HashMap&lt;String, ArrayList&lt;HashMap&lt;String, String&gt;&gt;&gt;" num="137" count="31" type="method"/>
            <line num="138" count="31" type="stmt"/>
            <line num="139" count="31" type="stmt"/>
            <line num="141" count="3" type="stmt"/>
            <line num="142" count="3" type="stmt"/>
            <line complexity="2" visibility="public" signature="updateUnitsInTerritory(String,String) : void" num="152" count="2" type="method"/>
            <line num="153" count="2" type="stmt"/>
            <line num="154" count="2" type="stmt"/>
            <line num="155" count="2" type="stmt"/>
            <line num="156" count="2" type="stmt"/>
            <line num="157" count="2" type="stmt"/>
            <line num="158" count="2" type="stmt"/>
            <line num="159" count="2" type="stmt"/>
            <line falsecount="1" truecount="1" num="159" type="cond"/>
            <line num="160" count="1" type="stmt"/>
            <line complexity="3" visibility="public" signature="checkAllowedNumAlly() : boolean" num="166" count="24" type="method"/>
            <line num="167" count="24" type="stmt"/>
            <line falsecount="23" truecount="1" num="167" type="cond"/>
            <line num="168" count="1" type="stmt"/>
            <line num="170" count="23" type="stmt"/>
            <line num="171" count="23" type="stmt"/>
            <line num="172" count="69" type="stmt"/>
            <line num="173" count="69" type="stmt"/>
            <line num="174" count="69" type="stmt"/>
            <line falsecount="0" truecount="69" num="174" type="cond"/>
            <line num="175" count="69" type="stmt"/>
            <line num="178" count="23" type="stmt"/>
            <line complexity="3" visibility="public" signature="findAlly() : String" num="181" count="6" type="method"/>
            <line num="182" count="6" type="stmt"/>
            <line num="183" count="14" type="stmt"/>
            <line num="184" count="14" type="stmt"/>
            <line falsecount="8" truecount="6" num="184" type="cond"/>
            <line num="185" count="6" type="stmt"/>
            <line num="186" count="6" type="stmt"/>
            <line num="187" count="18" type="stmt"/>
            <line falsecount="16" truecount="2" num="187" type="cond"/>
            <line num="188" count="2" type="stmt"/>
            <line num="192" count="4" type="stmt"/>
         </file>
         <file path="/Users/yume/Desktop/DUKE/Curricular/23Spr/651/teamproject/Risk_Game/client/src/main/java/edu/duke/ece651/team16/controller/WaitingRoomController.java" name="WaitingRoomController.java">
            <metrics coveredelements="15" coveredconditionals="0" complexity="3" loc="60" coveredmethods="2" methods="2" elements="16" classes="1" ncloc="38" statements="14" conditionals="0" coveredstatements="13"/>
            <class name="WaitingRoomController">
               <metrics coveredelements="15" coveredconditionals="0" complexity="3" coveredmethods="2" methods="2" elements="16" statements="14" conditionals="0" coveredstatements="13"/>
            </class>
            <line complexity="1" visibility="public" signature="setClient(Client) : void" num="25" count="3" type="method"/>
            <line num="26" count="3" type="stmt"/>
            <line complexity="2" visibility="public" signature="nextWaiting(ActionEvent) : void" num="38" count="1" type="method"/>
            <line num="40" count="1" type="stmt"/>
            <line num="41" count="1" type="stmt"/>
            <line num="42" count="1" type="stmt"/>
            <line num="44" count="1" type="stmt"/>
            <line num="45" count="1" type="stmt"/>
            <line num="47" count="1" type="stmt"/>
            <line num="48" count="1" type="stmt"/>
            <line num="49" count="1" type="stmt"/>
            <line num="51" count="1" type="stmt"/>
            <line num="52" count="1" type="stmt"/>
            <line num="53" count="1" type="stmt"/>
            <line num="55" count="1" type="stmt"/>
            <line num="57" count="0" type="stmt"/>
         </file>
         <file path="/Users/yume/Desktop/DUKE/Curricular/23Spr/651/teamproject/Risk_Game/client/src/main/java/edu/duke/ece651/team16/controller/InitGamePlayController.java" name="InitGamePlayController.java">
            <metrics coveredelements="127" coveredconditionals="20" complexity="25" loc="301" coveredmethods="10" methods="10" elements="134" classes="1" ncloc="224" statements="102" conditionals="22" coveredstatements="97"/>
            <class name="InitGamePlayController">
               <metrics coveredelements="127" coveredconditionals="20" complexity="25" coveredmethods="10" methods="10" elements="134" statements="102" conditionals="22" coveredstatements="97"/>
            </class>
            <line complexity="4" visibility="public" signature="initialize() : void" num="74" count="2" type="method"/>
            <line num="76" count="2" type="stmt"/>
            <line num="77" count="1" type="stmt"/>
            <line num="78" count="1" type="stmt"/>
            <line num="80" count="0" type="stmt"/>
            <line num="83" count="2" type="stmt"/>
            <line num="84" count="2" type="stmt"/>
            <line num="85" count="70" type="stmt"/>
            <line falsecount="46" truecount="24" num="85" type="cond"/>
            <line num="86" count="24" type="stmt"/>
            <line num="87" count="24" type="stmt"/>
            <line num="88" count="48" type="stmt"/>
            <line falsecount="24" truecount="24" num="88" type="cond"/>
            <line num="89" count="24" type="stmt"/>
            <line num="90" count="24" type="stmt"/>
            <line num="91" count="24" type="stmt"/>
            <line num="92" count="24" type="stmt"/>
            <line num="93" count="24" type="stmt"/>
            <line num="94" count="24" type="stmt"/>
            <line complexity="1" visibility="public" signature="setColorText(String) : void" num="102" count="1" type="method"/>
            <line num="103" count="1" type="stmt"/>
            <line complexity="1" visibility="public" signature="setRoomText(String) : void" num="106" count="1" type="method"/>
            <line num="107" count="1" type="stmt"/>
            <line complexity="1" visibility="public" signature="setClient(Client) : void" num="110" count="2" type="method"/>
            <line num="111" count="2" type="stmt"/>
            <line complexity="1" visibility="public" signature="setinitMapParser(MapParser) : void" num="119" count="2" type="method"/>
            <line num="120" count="2" type="stmt"/>
            <line num="121" count="2" type="stmt"/>
            <line num="123" count="2" type="stmt"/>
            <line num="124" count="2" type="stmt"/>
            <line num="125" count="2" type="stmt"/>
            <line num="126" count="2" type="stmt"/>
            <line complexity="1" visibility="public" signature="setMapParser() : void" num="130" count="1" type="method"/>
            <line num="131" count="1" type="stmt"/>
            <line num="132" count="1" type="stmt"/>
            <line num="133" count="1" type="stmt"/>
            <line num="134" count="1" type="stmt"/>
            <line complexity="4" visibility="private" signature="onInitAssignUnits(ActionEvent) : void" num="143" count="1" type="method"/>
            <line num="144" count="1" type="stmt"/>
            <line num="145" count="1" type="stmt"/>
            <line num="146" count="1" type="stmt"/>
            <line falsecount="1" truecount="0" num="146" type="cond"/>
            <line num="147" count="0" type="stmt"/>
            <line num="149" count="1" type="stmt"/>
            <line num="150" count="1" type="stmt"/>
            <line num="151" count="1" type="stmt"/>
            <line num="153" count="1" type="stmt"/>
            <line num="154" count="1" type="stmt"/>
            <line num="155" count="1" type="stmt"/>
            <line num="156" count="1" type="stmt"/>
            <line num="157" count="1" type="stmt"/>
            <line num="158" count="1" type="stmt"/>
            <line num="159" count="1" type="stmt"/>
            <line num="161" count="0" type="stmt"/>
            <line num="164" count="1" type="stmt"/>
            <line num="165" count="1" type="stmt"/>
            <line num="166" count="1" type="stmt"/>
            <line num="167" count="1" type="stmt"/>
            <line num="169" count="1" type="stmt"/>
            <line num="170" count="1" type="stmt"/>
            <line num="172" count="1" type="stmt"/>
            <line num="173" count="1" type="stmt"/>
            <line num="174" count="1" type="stmt"/>
            <line num="175" count="1" type="stmt"/>
            <line num="176" count="1" type="stmt"/>
            <line num="177" count="1" type="stmt"/>
            <line num="178" count="1" type="stmt"/>
            <line num="179" count="1" type="stmt"/>
            <line num="180" count="1" type="stmt"/>
            <line num="181" count="1" type="stmt"/>
            <line num="182" count="1" type="stmt"/>
            <line num="183" count="1" type="stmt"/>
            <line num="185" count="1" type="stmt"/>
            <line num="187" count="0" type="stmt"/>
            <line complexity="3" visibility="public" signature="initSpinner() : void" num="195" count="2" type="method"/>
            <line num="196" count="2" type="stmt"/>
            <line num="197" count="70" type="stmt"/>
            <line falsecount="46" truecount="24" num="197" type="cond"/>
            <line num="198" count="24" type="stmt"/>
            <line num="199" count="24" type="stmt"/>
            <line num="200" count="48" type="stmt"/>
            <line num="201" count="48" type="stmt"/>
            <line num="202" count="48" type="stmt"/>
            <line num="203" count="48" type="stmt"/>
            <line falsecount="2" truecount="46" num="203" type="cond"/>
            <line num="204" count="46" type="stmt"/>
            <line num="207" count="2" type="stmt"/>
            <line num="210" count="2" type="stmt"/>
            <line complexity="4" visibility="private" signature="getSpinnerSum() : int" num="252" count="1" type="method"/>
            <line num="253" count="1" type="stmt"/>
            <line num="254" count="1" type="stmt"/>
            <line num="255" count="35" type="stmt"/>
            <line falsecount="23" truecount="12" num="255" type="cond"/>
            <line num="256" count="12" type="stmt"/>
            <line num="257" count="12" type="stmt"/>
            <line num="258" count="24" type="stmt"/>
            <line falsecount="12" truecount="12" num="258" type="cond"/>
            <line num="259" count="12" type="stmt"/>
            <line num="260" count="12" type="stmt"/>
            <line falsecount="11" truecount="1" num="260" type="cond"/>
            <line num="261" count="1" type="stmt"/>
            <line num="262" count="1" type="stmt"/>
            <line num="268" count="1" type="stmt"/>
            <line complexity="5" visibility="private" signature="assignUnits() : void" num="271" count="1" type="method"/>
            <line num="272" count="1" type="stmt"/>
            <line num="273" count="35" type="stmt"/>
            <line falsecount="23" truecount="12" num="273" type="cond"/>
            <line num="274" count="12" type="stmt"/>
            <line num="275" count="12" type="stmt"/>
            <line num="276" count="12" type="stmt"/>
            <line num="278" count="12" type="stmt"/>
            <line falsecount="11" truecount="1" num="278" type="cond"/>
            <line num="279" count="1" type="stmt"/>
            <line num="280" count="1" type="stmt"/>
            <line num="285" count="1" type="stmt"/>
            <line num="286" count="1" type="stmt"/>
            <line num="288" count="1" type="stmt"/>
            <line falsecount="0" truecount="1" num="288" type="cond"/>
            <line num="289" count="1" type="stmt"/>
            <line num="290" count="1" type="stmt"/>
            <line num="291" count="1" type="stmt"/>
            <line num="295" count="1" type="stmt"/>
            <line num="297" count="0" type="stmt"/>
         </file>
         <file path="/Users/yume/Desktop/DUKE/Curricular/23Spr/651/teamproject/Risk_Game/client/src/main/java/edu/duke/ece651/team16/controller/StartGameController.java" name="StartGameController.java">
            <metrics coveredelements="9" coveredconditionals="0" complexity="3" loc="76" coveredmethods="2" methods="3" elements="11" classes="1" ncloc="43" statements="8" conditionals="0" coveredstatements="7"/>
            <class name="StartGameController">
               <metrics coveredelements="9" coveredconditionals="0" complexity="3" coveredmethods="2" methods="3" elements="11" statements="8" conditionals="0" coveredstatements="7"/>
            </class>
            <line complexity="1" visibility="public" signature="newGame(ActionEvent) : void" num="46" count="1" type="method"/>
            <line num="48" count="1" type="stmt"/>
            <line num="49" count="1" type="stmt"/>
            <line num="50" count="1" type="stmt"/>
            <line num="51" count="1" type="stmt"/>
            <line num="52" count="1" type="stmt"/>
            <line num="53" count="1" type="stmt"/>
            <line complexity="1" visibility="public" signature="exitGame(ActionEvent) : void" num="63" count="0" type="method"/>
            <line num="65" count="0" type="stmt"/>
            <line complexity="1" visibility="public" signature="setClient(Client) : void" num="73" count="3" type="method"/>
            <line num="74" count="3" type="stmt"/>
         </file>
         <file path="/Users/yume/Desktop/DUKE/Curricular/23Spr/651/teamproject/Risk_Game/client/src/main/java/edu/duke/ece651/team16/controller/Views.java" name="Views.java">
            <metrics coveredelements="71" coveredconditionals="0" complexity="12" loc="172" coveredmethods="8" methods="8" elements="71" classes="1" ncloc="109" statements="63" conditionals="0" coveredstatements="63"/>
            <class name="Views">
               <metrics coveredelements="71" coveredconditionals="0" complexity="12" coveredmethods="8" methods="8" elements="71" statements="63" conditionals="0" coveredstatements="63"/>
            </class>
            <line complexity="1" visibility="public" signature="Views(PrintStream)" num="25" count="37" type="method"/>
            <line num="26" count="37" type="stmt"/>
            <line num="27" count="37" type="stmt"/>
            <line num="28" count="37" type="stmt"/>
            <line complexity="1" visibility="public" signature="setWatch() : void" num="34" count="3" type="method"/>
            <line num="35" count="3" type="stmt"/>
            <line complexity="1" visibility="public" signature="isWatch() : boolean" num="43" count="1" type="method"/>
            <line num="44" count="1" type="stmt"/>
            <line complexity="2" visibility="public" signature="displayInitialMap(String) : void" num="53" count="2" type="method"/>
            <line num="54" count="2" type="stmt"/>
            <line num="56" count="2" type="stmt"/>
            <line num="57" count="2" type="stmt"/>
            <line num="58" count="2" type="stmt"/>
            <line num="60" count="1" type="stmt"/>
            <line num="61" count="1" type="stmt"/>
            <line num="65" count="1" type="stmt"/>
            <line num="66" count="1" type="stmt"/>
            <line num="67" count="1" type="stmt"/>
            <line num="68" count="1" type="stmt"/>
            <line num="69" count="1" type="stmt"/>
            <line num="70" count="1" type="stmt"/>
            <line num="71" count="1" type="stmt"/>
            <line num="72" count="1" type="stmt"/>
            <line num="73" count="1" type="stmt"/>
            <line num="74" count="1" type="stmt"/>
            <line num="75" count="1" type="stmt"/>
            <line num="76" count="1" type="stmt"/>
            <line num="78" count="1" type="stmt"/>
            <line complexity="2" visibility="public" signature="displayEntry(String) : String" num="89" count="2" type="method"/>
            <line num="91" count="2" type="stmt"/>
            <line num="92" count="2" type="stmt"/>
            <line num="93" count="2" type="stmt"/>
            <line num="95" count="1" type="stmt"/>
            <line num="96" count="1" type="stmt"/>
            <line num="98" count="1" type="stmt"/>
            <line complexity="2" visibility="public" signature="displayMap(String) : void" num="107" count="2" type="method"/>
            <line num="108" count="2" type="stmt"/>
            <line num="110" count="2" type="stmt"/>
            <line num="111" count="2" type="stmt"/>
            <line num="112" count="2" type="stmt"/>
            <line num="114" count="1" type="stmt"/>
            <line num="115" count="1" type="stmt"/>
            <line num="119" count="1" type="stmt"/>
            <line num="120" count="1" type="stmt"/>
            <line num="121" count="1" type="stmt"/>
            <line num="122" count="1" type="stmt"/>
            <line num="123" count="1" type="stmt"/>
            <line num="124" count="1" type="stmt"/>
            <line num="125" count="1" type="stmt"/>
            <line num="126" count="1" type="stmt"/>
            <line num="127" count="1" type="stmt"/>
            <line num="128" count="1" type="stmt"/>
            <line num="129" count="1" type="stmt"/>
            <line num="130" count="1" type="stmt"/>
            <line complexity="2" visibility="public" signature="displayLog(String) : String" num="141" count="11" type="method"/>
            <line num="142" count="11" type="stmt"/>
            <line num="144" count="11" type="stmt"/>
            <line num="145" count="11" type="stmt"/>
            <line num="146" count="11" type="stmt"/>
            <line num="148" count="1" type="stmt"/>
            <line num="149" count="1" type="stmt"/>
            <line num="153" count="10" type="stmt"/>
            <line num="154" count="10" type="stmt"/>
            <line num="155" count="10" type="stmt"/>
            <line num="156" count="10" type="stmt"/>
            <line num="157" count="10" type="stmt"/>
            <line num="159" count="10" type="stmt"/>
            <line num="160" count="10" type="stmt"/>
            <line num="162" count="10" type="stmt"/>
            <line complexity="1" visibility="public" signature="playerWatchTurn() : void" num="168" count="1" type="method"/>
            <line num="169" count="1" type="stmt"/>
         </file>
         <file path="/Users/yume/Desktop/DUKE/Curricular/23Spr/651/teamproject/Risk_Game/client/src/main/java/edu/duke/ece651/team16/controller/JoinRoomController.java" name="JoinRoomController.java">
            <metrics coveredelements="46" coveredconditionals="8" complexity="9" loc="120" coveredmethods="4" methods="4" elements="47" classes="1" ncloc="92" statements="35" conditionals="8" coveredstatements="34"/>
            <class name="JoinRoomController">
               <metrics coveredelements="46" coveredconditionals="8" complexity="9" coveredmethods="4" methods="4" elements="47" statements="35" conditionals="8" coveredstatements="34"/>
            </class>
            <line complexity="1" visibility="public" signature="setClient(Client) : void" num="43" count="4" type="method"/>
            <line num="44" count="4" type="stmt"/>
            <line complexity="1" visibility="public" signature="initialize() : void" num="47" count="4" type="method"/>
            <line num="49" count="4" type="stmt"/>
            <line num="50" count="4" type="stmt"/>
            <line num="51" count="4" type="stmt"/>
            <line num="52" count="4" type="stmt"/>
            <line num="53" count="4" type="stmt"/>
            <line complexity="3" visibility="public" signature="searchRoom(ActionEvent) : void" num="62" count="3" type="method"/>
            <line num="64" count="3" type="stmt"/>
            <line num="65" count="3" type="stmt"/>
            <line num="66" count="3" type="stmt"/>
            <line num="67" count="3" type="stmt"/>
            <line falsecount="2" truecount="1" num="67" type="cond"/>
            <line num="68" count="1" type="stmt"/>
            <line num="69" count="1" type="stmt"/>
            <line num="70" count="1" type="stmt"/>
            <line num="71" count="1" type="stmt"/>
            <line num="72" count="1" type="stmt"/>
            <line num="73" count="1" type="stmt"/>
            <line num="74" count="2" type="stmt"/>
            <line falsecount="1" truecount="1" num="74" type="cond"/>
            <line num="75" count="1" type="stmt"/>
            <line num="76" count="1" type="stmt"/>
            <line num="77" count="1" type="stmt"/>
            <line num="80" count="1" type="stmt"/>
            <line complexity="4" visibility="public" signature="joinRoom(ActionEvent) : void" num="93" count="3" type="method"/>
            <line num="95" count="3" type="stmt"/>
            <line num="96" count="3" type="stmt"/>
            <line falsecount="1" truecount="2" num="96" type="cond"/>
            <line num="97" count="2" type="stmt"/>
            <line falsecount="1" truecount="1" num="97" type="cond"/>
            <line num="98" count="1" type="stmt"/>
            <line num="99" count="1" type="stmt"/>
            <line num="101" count="1" type="stmt"/>
            <line num="104" count="1" type="stmt"/>
            <line num="107" count="2" type="stmt"/>
            <line num="108" count="2" type="stmt"/>
            <line num="109" count="2" type="stmt"/>
            <line num="110" count="2" type="stmt"/>
            <line num="111" count="2" type="stmt"/>
            <line num="112" count="2" type="stmt"/>
            <line num="117" count="0" type="stmt"/>
         </file>
         <file path="/Users/yume/Desktop/DUKE/Curricular/23Spr/651/teamproject/Risk_Game/client/src/main/java/edu/duke/ece651/team16/controller/LoginController.java" name="LoginController.java">
            <metrics coveredelements="56" coveredconditionals="5" complexity="12" loc="175" coveredmethods="5" methods="6" elements="63" classes="1" ncloc="123" statements="51" conditionals="6" coveredstatements="46"/>
            <class name="LoginController">
               <metrics coveredelements="56" coveredconditionals="5" complexity="12" coveredmethods="5" methods="6" elements="63" statements="51" conditionals="6" coveredstatements="46"/>
            </class>
            <line complexity="1" visibility="public" signature="initialize() : void" num="62" count="1" type="method"/>
            <line num="64" count="1" type="stmt"/>
            <line num="65" count="1" type="stmt"/>
            <line complexity="1" visibility="public" signature="getClient() : Client" num="71" count="0" type="method"/>
            <line num="72" count="0" type="stmt"/>
            <line complexity="5" visibility="public" signature="onLoginButton(ActionEvent) : void" num="81" count="3" type="method"/>
            <line num="83" count="3" type="stmt"/>
            <line num="84" count="3" type="stmt"/>
            <line num="85" count="3" type="stmt"/>
            <line falsecount="2" truecount="1" num="85" type="cond"/>
            <line num="86" count="1" type="stmt"/>
            <line num="87" count="1" type="stmt"/>
            <line num="90" count="2" type="stmt"/>
            <line num="91" count="2" type="stmt"/>
            <line num="92" count="2" type="stmt"/>
            <line num="93" count="2" type="stmt"/>
            <line num="94" count="2" type="stmt"/>
            <line num="96" count="2" type="stmt"/>
            <line num="97" count="2" type="stmt"/>
            <line num="100" count="2" type="stmt"/>
            <line falsecount="1" truecount="1" num="100" type="cond"/>
            <line num="102" count="1" type="stmt"/>
            <line num="105" count="1" type="stmt"/>
            <line num="106" count="1" type="stmt"/>
            <line complexity="1" visibility="private" signature="enterChooseRoom() : void" num="117" count="1" type="method"/>
            <line num="119" count="1" type="stmt"/>
            <line num="120" count="1" type="stmt"/>
            <line num="121" count="1" type="stmt"/>
            <line num="122" count="1" type="stmt"/>
            <line num="123" count="1" type="stmt"/>
            <line num="124" count="1" type="stmt"/>
            <line num="125" count="1" type="stmt"/>
            <line num="127" count="1" type="stmt"/>
            <line complexity="2" visibility="private" signature="createClient() : void" num="135" count="1" type="method"/>
            <line num="136" count="1" type="stmt"/>
            <line num="137" count="1" type="stmt"/>
            <line num="138" count="1" type="stmt"/>
            <line num="140" count="1" type="stmt"/>
            <line num="142" count="1" type="stmt"/>
            <line num="143" count="1" type="stmt"/>
            <line num="144" count="1" type="stmt"/>
            <line num="145" count="1" type="stmt"/>
            <line num="146" count="1" type="stmt"/>
            <line num="148" count="1" type="stmt"/>
            <line num="149" count="1" type="stmt"/>
            <line num="151" count="1" type="stmt"/>
            <line num="152" count="1" type="stmt"/>
            <line num="155" count="0" type="stmt"/>
            <line complexity="2" visibility="private" signature="startBackgroundImageSwitch() : void" num="159" count="1" type="method"/>
            <line num="160" count="1" type="stmt"/>
            <line num="161" count="9" type="stmt"/>
            <line num="162" count="9" type="stmt"/>
            <line num="164" count="9" type="stmt"/>
            <line falsecount="9" truecount="0" num="164" type="cond"/>
            <line num="165" count="0" type="stmt"/>
            <line num="166" count="0" type="stmt"/>
            <line num="167" count="0" type="stmt"/>
            <line num="171" count="1" type="stmt"/>
            <line num="172" count="1" type="stmt"/>
            <line num="173" count="1" type="stmt"/>
         </file>
         <file path="/Users/yume/Desktop/DUKE/Curricular/23Spr/651/teamproject/Risk_Game/client/src/main/java/edu/duke/ece651/team16/controller/PopupBox.java" name="PopupBox.java">
            <metrics coveredelements="26" coveredconditionals="0" complexity="3" loc="59" coveredmethods="3" methods="3" elements="26" classes="1" ncloc="40" statements="23" conditionals="0" coveredstatements="23"/>
            <class name="PopupBox">
               <metrics coveredelements="26" coveredconditionals="0" complexity="3" coveredmethods="3" methods="3" elements="26" statements="23" conditionals="0" coveredstatements="23"/>
            </class>
            <line complexity="1" visibility="public" signature="PopupBox(AnchorPane)" num="16" count="24" type="method"/>
            <line num="17" count="24" type="stmt"/>
            <line complexity="1" visibility="public" signature="display(String) : void" num="20" count="18" type="method"/>
            <line num="21" count="18" type="stmt"/>
            <line num="22" count="18" type="stmt"/>
            <line num="26" count="18" type="stmt"/>
            <line num="27" count="18" type="stmt"/>
            <line num="29" count="18" type="stmt"/>
            <line num="30" count="18" type="stmt"/>
            <line num="31" count="18" type="stmt"/>
            <line num="32" count="18" type="stmt"/>
            <line num="34" count="18" type="stmt"/>
            <line complexity="1" visibility="public" signature="displayText(String,String) : void" num="39" count="6" type="method"/>
            <line num="40" count="6" type="stmt"/>
            <line num="41" count="6" type="stmt"/>
            <line num="43" count="6" type="stmt"/>
            <line num="44" count="6" type="stmt"/>
            <line num="45" count="6" type="stmt"/>
            <line num="46" count="6" type="stmt"/>
            <line num="48" count="6" type="stmt"/>
            <line num="49" count="6" type="stmt"/>
            <line num="51" count="6" type="stmt"/>
            <line num="52" count="6" type="stmt"/>
            <line num="53" count="6" type="stmt"/>
            <line num="54" count="6" type="stmt"/>
            <line num="56" count="6" type="stmt"/>
         </file>
         <file path="/Users/yume/Desktop/DUKE/Curricular/23Spr/651/teamproject/Risk_Game/client/src/main/java/edu/duke/ece651/team16/controller/GamePlayDisplay.java" name="GamePlayDisplay.java">
            <metrics coveredelements="131" coveredconditionals="24" complexity="25" loc="247" coveredmethods="8" methods="8" elements="147" classes="1" ncloc="161" statements="105" conditionals="34" coveredstatements="99"/>
            <class name="GamePlayDisplay">
               <metrics coveredelements="131" coveredconditionals="24" complexity="25" coveredmethods="8" methods="8" elements="147" statements="105" conditionals="34" coveredstatements="99"/>
            </class>
            <line complexity="3" visibility="public" signature="parseUnitsInfo(String) : String" num="21" count="71" type="method"/>
            <line num="22" count="71" type="stmt"/>
            <line num="24" count="71" type="stmt"/>
            <line num="25" count="71" type="stmt"/>
            <line num="26" count="71" type="stmt"/>
            <line num="27" count="71" type="stmt"/>
            <line num="28" count="71" type="stmt"/>
            <line falsecount="71" truecount="497" num="28" type="cond"/>
            <line num="29" count="497" type="stmt"/>
            <line falsecount="483" truecount="14" num="29" type="cond"/>
            <line num="30" count="14" type="stmt"/>
            <line num="31" count="14" type="stmt"/>
            <line num="36" count="483" type="stmt"/>
            <line num="39" count="71" type="stmt"/>
            <line complexity="4" visibility="public" signature="getUnitNum(String,String) : int" num="52" count="3" type="method"/>
            <line num="53" count="3" type="stmt"/>
            <line num="54" count="3" type="stmt"/>
            <line num="55" count="3" type="stmt"/>
            <line num="62" count="3" type="stmt"/>
            <line falsecount="0" truecount="3" num="62" type="cond"/>
            <line num="63" count="3" type="stmt"/>
            <line falsecount="3" truecount="21" num="63" type="cond"/>
            <line num="64" count="21" type="stmt"/>
            <line num="67" count="0" type="stmt"/>
            <line num="68" count="0" type="stmt"/>
            <line falsecount="0" truecount="0" num="68" type="cond"/>
            <line num="69" count="0" type="stmt"/>
            <line num="72" count="3" type="stmt"/>
            <line complexity="4" visibility="public" signature="getUnitNumArray(String,String) : ArrayList&lt;Integer&gt;" num="81" count="3" type="method"/>
            <line num="83" count="3" type="stmt"/>
            <line num="84" count="3" type="stmt"/>
            <line num="85" count="3" type="stmt"/>
            <line num="86" count="3" type="stmt"/>
            <line falsecount="0" truecount="3" num="86" type="cond"/>
            <line num="87" count="3" type="stmt"/>
            <line falsecount="3" truecount="21" num="87" type="cond"/>
            <line num="88" count="21" type="stmt"/>
            <line num="91" count="0" type="stmt"/>
            <line num="92" count="0" type="stmt"/>
            <line falsecount="0" truecount="0" num="92" type="cond"/>
            <line num="93" count="0" type="stmt"/>
            <line num="96" count="3" type="stmt"/>
            <line complexity="2" visibility="public" signature="setUpgradeInfo() : ArrayList&lt;String&gt;" num="104" count="1" type="method"/>
            <line num="106" count="1" type="stmt"/>
            <line num="107" count="1" type="stmt"/>
            <line num="108" count="1" type="stmt"/>
            <line num="111" count="1" type="stmt"/>
            <line num="112" count="1" type="stmt"/>
            <line num="113" count="1" type="stmt"/>
            <line num="114" count="1" type="stmt"/>
            <line num="115" count="1" type="stmt"/>
            <line num="121" count="1" type="stmt"/>
            <line num="122" count="1" type="stmt"/>
            <line num="123" count="1" type="stmt"/>
            <line num="126" count="1" type="stmt"/>
            <line num="127" count="1" type="stmt"/>
            <line num="128" count="1" type="stmt"/>
            <line falsecount="0" truecount="1" num="128" type="cond"/>
            <line num="129" count="1" type="stmt"/>
            <line num="130" count="1" type="stmt"/>
            <line num="131" count="1" type="stmt"/>
            <line num="132" count="1" type="stmt"/>
            <line num="133" count="1" type="stmt"/>
            <line num="134" count="1" type="stmt"/>
            <line num="136" count="1" type="stmt"/>
            <line num="137" count="1" type="stmt"/>
            <line complexity="2" visibility="public" signature="setAllianceInfo() : ArrayList&lt;String&gt;" num="145" count="2" type="method"/>
            <line num="147" count="2" type="stmt"/>
            <line num="150" count="2" type="stmt"/>
            <line num="151" count="2" type="stmt"/>
            <line num="152" count="2" type="stmt"/>
            <line num="153" count="2" type="stmt"/>
            <line num="154" count="2" type="stmt"/>
            <line num="158" count="2" type="stmt"/>
            <line num="160" count="2" type="stmt"/>
            <line num="161" count="2" type="stmt"/>
            <line num="162" count="2" type="stmt"/>
            <line falsecount="0" truecount="2" num="162" type="cond"/>
            <line num="163" count="2" type="stmt"/>
            <line num="164" count="2" type="stmt"/>
            <line num="166" count="2" type="stmt"/>
            <line complexity="2" visibility="public" signature="setLevelsOfUnits() : ArrayList&lt;String&gt;" num="174" count="2" type="method"/>
            <line num="176" count="2" type="stmt"/>
            <line num="177" count="2" type="stmt"/>
            <line num="180" count="2" type="stmt"/>
            <line num="181" count="2" type="stmt"/>
            <line num="182" count="2" type="stmt"/>
            <line num="183" count="2" type="stmt"/>
            <line num="184" count="2" type="stmt"/>
            <line num="187" count="2" type="stmt"/>
            <line num="190" count="2" type="stmt"/>
            <line num="191" count="2" type="stmt"/>
            <line falsecount="0" truecount="2" num="191" type="cond"/>
            <line num="192" count="2" type="stmt"/>
            <line num="193" count="2" type="stmt"/>
            <line num="195" count="2" type="stmt"/>
            <line complexity="1" visibility="public" signature="getTerritoryInfo(String,HashMap&lt;String, String&gt;) : String" num="204" count="71" type="method"/>
            <line num="205" count="71" type="stmt"/>
            <line num="206" count="71" type="stmt"/>
            <line num="207" count="71" type="stmt"/>
            <line num="208" count="71" type="stmt"/>
            <line num="209" count="71" type="stmt"/>
            <line complexity="7" visibility="public" signature="getActionInfo(ArrayList&lt;String&gt;) : String" num="218" count="10" type="method"/>
            <line num="219" count="10" type="stmt"/>
            <line num="220" count="10" type="stmt"/>
            <line num="221" count="10" type="stmt"/>
            <line falsecount="9" truecount="1" num="221" type="cond"/>
            <line num="222" count="1" type="stmt"/>
            <line num="223" count="1" type="stmt"/>
            <line num="224" count="9" type="stmt"/>
            <line falsecount="8" truecount="1" num="224" type="cond"/>
            <line num="225" count="1" type="stmt"/>
            <line num="226" count="1" type="stmt"/>
            <line num="227" count="1" type="stmt"/>
            <line num="229" count="8" type="stmt"/>
            <line num="230" count="8" type="stmt"/>
            <line num="231" count="8" type="stmt"/>
            <line falsecount="7" truecount="1" num="231" type="cond"/>
            <line num="232" count="1" type="stmt"/>
            <line num="234" count="7" type="stmt"/>
            <line falsecount="6" truecount="1" num="234" type="cond"/>
            <line num="235" count="1" type="stmt"/>
            <line num="237" count="6" type="stmt"/>
            <line falsecount="5" truecount="1" num="237" type="cond"/>
            <line num="238" count="1" type="stmt"/>
            <line num="239" count="1" type="stmt"/>
            <line num="242" count="5" type="stmt"/>
            <line falsecount="0" truecount="5" num="242" type="cond"/>
            <line num="243" count="5" type="stmt"/>
            <line num="245" count="8" type="stmt"/>
         </file>
         <file path="/Users/yume/Desktop/DUKE/Curricular/23Spr/651/teamproject/Risk_Game/client/src/main/java/edu/duke/ece651/team16/controller/MyStatus.java" name="MyStatus.java">
            <metrics coveredelements="0" coveredconditionals="0" complexity="0" loc="19" coveredmethods="0" methods="0" elements="0" classes="1" ncloc="13" statements="0" conditionals="0" coveredstatements="0"/>
            <class name="MyStatus">
               <metrics coveredelements="0" coveredconditionals="0" complexity="0" coveredmethods="0" methods="0" elements="0" statements="0" conditionals="0" coveredstatements="0"/>
            </class>
         </file>
         <file path="/Users/yume/Desktop/DUKE/Curricular/23Spr/651/teamproject/Risk_Game/client/src/main/java/edu/duke/ece651/team16/controller/ChooseGroupController.java" name="ChooseGroupController.java">
            <metrics coveredelements="69" coveredconditionals="9" complexity="11" loc="176" coveredmethods="5" methods="5" elements="71" classes="1" ncloc="117" statements="56" conditionals="10" coveredstatements="55"/>
            <class name="ChooseGroupController">
               <metrics coveredelements="69" coveredconditionals="9" complexity="11" coveredmethods="5" methods="5" elements="71" statements="56" conditionals="10" coveredstatements="55"/>
            </class>
            <line complexity="1" visibility="public" signature="initialize() : void" num="55" count="3" type="method"/>
            <line num="57" count="3" type="stmt"/>
            <line num="58" count="3" type="stmt"/>
            <line num="59" count="3" type="stmt"/>
            <line num="60" count="3" type="stmt"/>
            <line num="61" count="3" type="stmt"/>
            <line num="62" count="3" type="stmt"/>
            <line num="63" count="3" type="stmt"/>
            <line num="64" count="3" type="stmt"/>
            <line num="65" count="3" type="stmt"/>
            <line num="66" count="3" type="stmt"/>
            <line num="67" count="3" type="stmt"/>
            <line num="68" count="3" type="stmt"/>
            <line complexity="1" visibility="public" signature="setClient(Client) : void" num="76" count="3" type="method"/>
            <line num="77" count="3" type="stmt"/>
            <line complexity="1" visibility="public" signature="setMapParser(MapParser) : void" num="85" count="3" type="method"/>
            <line num="86" count="3" type="stmt"/>
            <line complexity="5" visibility="private" signature="setImageViewProperties(ImageView) : void" num="94" count="24" type="method"/>
            <line num="96" count="24" type="stmt"/>
            <line num="97" count="15" type="stmt"/>
            <line falsecount="13" truecount="2" num="97" type="cond"/>
            <line num="98" count="2" type="stmt"/>
            <line num="99" count="13" type="stmt"/>
            <line falsecount="8" truecount="5" num="99" type="cond"/>
            <line num="100" count="5" type="stmt"/>
            <line num="101" count="8" type="stmt"/>
            <line falsecount="3" truecount="5" num="101" type="cond"/>
            <line num="102" count="5" type="stmt"/>
            <line num="103" count="3" type="stmt"/>
            <line falsecount="0" truecount="3" num="103" type="cond"/>
            <line num="104" count="3" type="stmt"/>
            <line num="107" count="24" type="stmt"/>
            <line num="108" count="15" type="stmt"/>
            <line num="109" count="15" type="stmt"/>
            <line num="110" count="15" type="stmt"/>
            <line num="111" count="15" type="stmt"/>
            <line complexity="3" visibility="private" signature="onImageClicked(MouseEvent) : void" num="125" count="2" type="method"/>
            <line num="128" count="2" type="stmt"/>
            <line num="130" count="2" type="stmt"/>
            <line num="131" count="2" type="stmt"/>
            <line num="133" count="2" type="stmt"/>
            <line num="134" count="2" type="stmt"/>
            <line num="137" count="2" type="stmt"/>
            <line falsecount="1" truecount="1" num="137" type="cond"/>
            <line num="138" count="1" type="stmt"/>
            <line num="139" count="1" type="stmt"/>
            <line num="140" count="1" type="stmt"/>
            <line num="141" count="1" type="stmt"/>
            <line num="143" count="1" type="stmt"/>
            <line num="144" count="1" type="stmt"/>
            <line num="145" count="1" type="stmt"/>
            <line num="146" count="1" type="stmt"/>
            <line num="147" count="1" type="stmt"/>
            <line num="148" count="1" type="stmt"/>
            <line num="149" count="1" type="stmt"/>
            <line num="150" count="1" type="stmt"/>
            <line num="152" count="1" type="stmt"/>
            <line num="155" count="1" type="stmt"/>
            <line num="161" count="1" type="stmt"/>
            <line num="162" count="1" type="stmt"/>
            <line num="166" count="0" type="stmt"/>
            <line num="169" count="1" type="stmt"/>
            <line num="170" count="1" type="stmt"/>
            <line num="171" count="1" type="stmt"/>
            <line num="172" count="1" type="stmt"/>
            <line num="173" count="1" type="stmt"/>
         </file>
         <file path="/Users/yume/Desktop/DUKE/Curricular/23Spr/651/teamproject/Risk_Game/client/src/main/java/edu/duke/ece651/team16/controller/ChatRoomController.java" name="ChatRoomController.java">
            <metrics coveredelements="89" coveredconditionals="18" complexity="18" loc="149" coveredmethods="7" methods="7" elements="92" classes="2" ncloc="135" statements="65" conditionals="20" coveredstatements="64"/>
            <class name="ChatRoomController">
               <metrics coveredelements="64" coveredconditionals="10" complexity="13" coveredmethods="6" methods="6" elements="67" statements="49" conditionals="12" coveredstatements="48"/>
            </class>
            <class name="ChatRoomController.ChatHelper">
               <metrics coveredelements="25" coveredconditionals="8" complexity="5" coveredmethods="1" methods="1" elements="25" statements="16" conditionals="8" coveredstatements="16"/>
            </class>
            <line complexity="1" visibility="public" signature="setGamePlayController(GamePlayController) : void" num="50" count="2" type="method"/>
            <line num="51" count="2" type="stmt"/>
            <line complexity="5" visibility="public" signature="run() : void" num="55" count="2" type="method"/>
            <line num="56" count="2" type="stmt"/>
            <line num="58" count="7" type="stmt"/>
            <line num="59" count="5" type="stmt"/>
            <line num="60" count="5" type="stmt"/>
            <line num="61" count="5" type="stmt"/>
            <line num="62" count="5" type="stmt"/>
            <line num="63" count="5" type="stmt"/>
            <line num="64" count="5" type="stmt"/>
            <line falsecount="4" truecount="1" num="64" type="cond"/>
            <line num="65" count="1" type="stmt"/>
            <line num="66" count="4" type="stmt"/>
            <line falsecount="3" truecount="1" num="66" type="cond"/>
            <line num="67" count="1" type="stmt"/>
            <line num="68" count="3" type="stmt"/>
            <line falsecount="2" truecount="1" num="68" type="cond"/>
            <line num="69" count="1" type="stmt"/>
            <line num="70" count="2" type="stmt"/>
            <line falsecount="1" truecount="1" num="70" type="cond"/>
            <line num="71" count="1" type="stmt"/>
            <line num="73" count="1" type="stmt"/>
            <line complexity="7" visibility="private" signature="DisplayContent(String,int) : void" num="79" count="4" type="method"/>
            <line num="80" count="4" type="stmt"/>
            <line num="81" count="4" type="stmt"/>
            <line num="82" count="4" type="stmt"/>
            <line num="83" count="4" type="stmt"/>
            <line num="84" count="4" type="stmt"/>
            <line num="86" count="4" type="stmt"/>
            <line falsecount="3" truecount="1" num="86" type="cond"/>
            <line num="87" count="1" type="stmt"/>
            <line num="88" count="1" type="stmt"/>
            <line num="89" count="1" type="stmt"/>
            <line num="90" count="1" type="stmt"/>
            <line num="91" count="3" type="stmt"/>
            <line falsecount="2" truecount="1" num="91" type="cond"/>
            <line num="92" count="1" type="stmt"/>
            <line num="93" count="1" type="stmt"/>
            <line num="94" count="1" type="stmt"/>
            <line num="95" count="1" type="stmt"/>
            <line num="96" count="2" type="stmt"/>
            <line falsecount="1" truecount="1" num="96" type="cond"/>
            <line num="97" count="1" type="stmt"/>
            <line num="98" count="1" type="stmt"/>
            <line num="99" count="1" type="stmt"/>
            <line num="100" count="1" type="stmt"/>
            <line num="101" count="1" type="stmt"/>
            <line falsecount="0" truecount="1" num="101" type="cond"/>
            <line num="102" count="1" type="stmt"/>
            <line falsecount="0" truecount="1" num="102" type="cond"/>
            <line num="103" count="1" type="stmt"/>
            <line num="104" count="1" type="stmt"/>
            <line num="105" count="1" type="stmt"/>
            <line falsecount="1" truecount="2" num="105" type="cond"/>
            <line num="106" count="2" type="stmt"/>
            <line num="108" count="1" type="stmt"/>
            <line num="109" count="1" type="stmt"/>
            <line num="110" count="1" type="stmt"/>
            <line num="111" count="1" type="stmt"/>
            <line num="112" count="1" type="stmt"/>
            <line num="115" count="3" type="stmt"/>
            <line complexity="2" visibility="public" signature="ChatRoomController(String)" num="118" count="2" type="method"/>
            <line num="119" count="2" type="stmt"/>
            <line num="120" count="2" type="stmt"/>
            <line num="121" count="2" type="stmt"/>
            <line num="122" count="2" type="stmt"/>
            <line num="123" count="2" type="stmt"/>
            <line num="124" count="2" type="stmt"/>
            <line num="125" count="2" type="stmt"/>
            <line num="126" count="2" type="stmt"/>
            <line num="128" count="0" type="stmt"/>
            <line complexity="1" visibility="public" signature="initialize() : void" num="132" count="2" type="method"/>
            <line num="133" count="2" type="stmt"/>
            <line complexity="1" visibility="public" signature="sendClick() : void" num="137" count="1" type="method"/>
            <line num="139" count="1" type="stmt"/>
            <line num="140" count="1" type="stmt"/>
            <line num="141" count="1" type="stmt"/>
            <line num="142" count="1" type="stmt"/>
            <line complexity="1" visibility="public" signature="sendMsg(String) : void" num="145" count="1" type="method"/>
            <line num="146" count="1" type="stmt"/>
            <line num="147" count="1" type="stmt"/>
         </file>
         <file path="/Users/yume/Desktop/DUKE/Curricular/23Spr/651/teamproject/Risk_Game/client/src/main/java/edu/duke/ece651/team16/controller/GamePlayController.java" name="GamePlayController.java">
            <metrics coveredelements="555" coveredconditionals="87" complexity="113" loc="963" coveredmethods="31" methods="34" elements="626" classes="1" ncloc="759" statements="480" conditionals="112" coveredstatements="437"/>
            <class name="GamePlayController">
               <metrics coveredelements="555" coveredconditionals="87" complexity="113" coveredmethods="31" methods="34" elements="626" statements="480" conditionals="112" coveredstatements="437"/>
            </class>
            <line complexity="4" visibility="public" signature="initialize() : void" num="112" count="2" type="method"/>
            <line num="115" count="2" type="stmt"/>
            <line num="116" count="2" type="stmt"/>
            <line num="117" count="2" type="stmt"/>
            <line num="118" count="2" type="stmt"/>
            <line num="119" count="2" type="stmt"/>
            <line num="120" count="2" type="stmt"/>
            <line num="121" count="2" type="stmt"/>
            <line num="122" count="2" type="stmt"/>
            <line num="123" count="2" type="stmt"/>
            <line num="124" count="94" type="stmt"/>
            <line falsecount="70" truecount="24" num="124" type="cond"/>
            <line num="125" count="24" type="stmt"/>
            <line num="126" count="24" type="stmt"/>
            <line num="127" count="24" type="stmt"/>
            <line num="128" count="24" type="stmt"/>
            <line num="129" count="24" type="stmt"/>
            <line num="130" count="24" type="stmt"/>
            <line num="131" count="24" type="stmt"/>
            <line num="132" count="70" type="stmt"/>
            <line falsecount="46" truecount="24" num="132" type="cond"/>
            <line num="133" count="24" type="stmt"/>
            <line num="134" count="24" type="stmt"/>
            <line num="137" count="2" type="stmt"/>
            <line falsecount="1" truecount="1" num="137" type="cond"/>
            <line num="138" count="1" type="stmt"/>
            <line num="141" count="2" type="stmt"/>
            <line num="142" count="2" type="stmt"/>
            <line num="143" count="2" type="stmt"/>
            <line num="144" count="2" type="stmt"/>
            <line num="145" count="2" type="stmt"/>
            <line complexity="1" visibility="private" signature="initNeighborLines() : void" num="148" count="2" type="method"/>
            <line num="149" count="2" type="stmt"/>
            <line num="150" count="2" type="stmt"/>
            <line num="151" count="2" type="stmt"/>
            <line num="152" count="2" type="stmt"/>
            <line num="153" count="2" type="stmt"/>
            <line num="154" count="2" type="stmt"/>
            <line num="156" count="2" type="stmt"/>
            <line num="157" count="2" type="stmt"/>
            <line num="159" count="2" type="stmt"/>
            <line num="160" count="2" type="stmt"/>
            <line num="162" count="2" type="stmt"/>
            <line num="163" count="2" type="stmt"/>
            <line complexity="1" visibility="public" signature="setColorText(String) : void" num="166" count="1" type="method"/>
            <line num="167" count="1" type="stmt"/>
            <line complexity="1" visibility="public" signature="setPromptText(String) : void" num="170" count="10" type="method"/>
            <line num="171" count="10" type="stmt"/>
            <line num="172" count="10" type="stmt"/>
            <line complexity="1" visibility="public" signature="setRoomText(String) : void" num="175" count="1" type="method"/>
            <line num="176" count="1" type="stmt"/>
            <line complexity="1" visibility="public" signature="setMapFromChatRoom(String) : void" num="182" count="1" type="method"/>
            <line num="183" count="1" type="stmt"/>
            <line num="184" count="1" type="stmt"/>
            <line complexity="1" visibility="public" signature="setChatRoomController(ChatRoomController) : void" num="192" count="2" type="method"/>
            <line num="193" count="2" type="stmt"/>
            <line complexity="1" visibility="public" signature="setMapParser(MapParser) : void" num="201" count="2" type="method"/>
            <line num="202" count="2" type="stmt"/>
            <line complexity="1" visibility="public" signature="setMyTerritory(LinkedHashMap&lt;String, String&gt;) : void" num="210" count="2" type="method"/>
            <line num="211" count="2" type="stmt"/>
            <line complexity="1" visibility="public" signature="changeImage(String) : void" num="214" count="0" type="method"/>
            <line num="215" count="0" type="stmt"/>
            <line num="216" count="0" type="stmt"/>
            <line complexity="11" visibility="public" signature="onTerritoryButton(ActionEvent) : void" num="229" count="6" type="method"/>
            <line num="231" count="6" type="stmt"/>
            <line num="232" count="6" type="stmt"/>
            <line falsecount="6" truecount="0" num="232" type="cond"/>
            <line num="233" count="0" type="stmt"/>
            <line num="236" count="6" type="stmt"/>
[...]
            <line num="195" count="1" type="stmt"/>
            <line num="196" count="1" type="stmt"/>
            <line num="199" count="1" type="stmt"/>
            <line num="200" count="1" type="stmt"/>
            <line num="201" count="1" type="stmt"/>
            <line num="202" count="1" type="stmt"/>
            <line num="204" count="1" type="stmt"/>
            <line num="206" count="1" type="stmt"/>
            <line num="207" count="1" type="stmt"/>
            <line num="208" count="1" type="stmt"/>
            <line num="209" count="1" type="stmt"/>
            <line num="210" count="1" type="stmt"/>
            <line num="212" count="1" type="stmt"/>
            <line num="215" count="1" type="stmt"/>
            <line num="216" count="1" type="stmt"/>
            <line num="217" count="1" type="stmt"/>
            <line num="220" count="1" type="stmt"/>
            <line num="221" count="1" type="stmt"/>
            <line num="222" count="1" type="stmt"/>
            <line num="225" count="1" type="stmt"/>
            <line num="226" count="1" type="stmt"/>
            <line num="227" count="1" type="stmt"/>
            <line num="230" count="1" type="stmt"/>
            <line num="231" count="1" type="stmt"/>
            <line num="232" count="1" type="stmt"/>
            <line complexity="1" visibility="public" signature="test_playerAssignUnitsException() : void" num="235" testsuccess="true" count="1" testduration="0.001" type="method"/>
            <line num="237" count="1" type="stmt"/>
            <line num="238" count="1" type="stmt"/>
            <line num="239" count="1" type="stmt"/>
            <line num="240" count="1" type="stmt"/>
            <line num="241" count="1" type="stmt"/>
            <line num="242" count="1" type="stmt"/>
            <line num="243" count="1" type="stmt"/>
            <line num="245" count="1" type="stmt"/>
            <line num="247" count="1" type="stmt"/>
            <line num="248" count="1" type="stmt"/>
            <line num="249" count="1" type="stmt"/>
            <line num="250" count="1" type="stmt"/>
            <line num="251" count="1" type="stmt"/>
            <line num="253" count="1" type="stmt"/>
            <line num="256" count="1" type="stmt"/>
            <line complexity="1" visibility="public" signature="testCheckMoveInputFormat() : void" num="259" testsuccess="true" count="1" testduration="0.0" type="method"/>
            <line num="261" count="1" type="stmt"/>
            <line num="262" count="1" type="stmt"/>
            <line num="263" count="1" type="stmt"/>
            <line num="265" count="1" type="stmt"/>
            <line num="266" count="1" type="stmt"/>
            <line num="267" count="1" type="stmt"/>
            <line num="268" count="1" type="stmt"/>
            <line num="269" count="1" type="stmt"/>
            <line num="271" count="1" type="stmt"/>
            <line num="274" count="1" type="stmt"/>
            <line num="277" count="1" type="stmt"/>
            <line num="280" count="1" type="stmt"/>
            <line complexity="1" visibility="public" signature="test_playerOneAction() : void" num="283" testsuccess="true" count="1" testduration="0.003" type="method"/>
            <line num="285" count="1" type="stmt"/>
            <line num="286" count="1" type="stmt"/>
            <line num="287" count="1" type="stmt"/>
            <line num="288" count="1" type="stmt"/>
            <line num="289" count="1" type="stmt"/>
            <line num="291" count="1" type="stmt"/>
            <line num="293" count="1" type="stmt"/>
            <line num="294" count="1" type="stmt"/>
            <line num="295" count="1" type="stmt"/>
            <line num="296" count="1" type="stmt"/>
            <line num="297" count="1" type="stmt"/>
            <line num="298" count="1" type="stmt"/>
            <line num="299" count="1" type="stmt"/>
            <line num="300" count="1" type="stmt"/>
            <line num="301" count="1" type="stmt"/>
            <line complexity="1" visibility="public" signature="test_playerActionTurn() : void" num="304" testsuccess="true" count="1" testduration="0.005" type="method"/>
            <line num="306" count="1" type="stmt"/>
            <line num="307" count="1" type="stmt"/>
            <line num="308" count="1" type="stmt"/>
            <line num="309" count="1" type="stmt"/>
            <line num="310" count="1" type="stmt"/>
            <line num="312" count="1" type="stmt"/>
            <line num="313" count="1" type="stmt"/>
            <line num="314" count="1" type="stmt"/>
            <line num="315" count="1" type="stmt"/>
            <line num="317" count="1" type="stmt"/>
            <line num="318" count="1" type="stmt"/>
            <line num="319" count="1" type="stmt"/>
            <line num="320" count="1" type="stmt"/>
            <line num="321" count="1" type="stmt"/>
            <line num="323" count="1" type="stmt"/>
            <line num="324" count="1" type="stmt"/>
            <line num="325" count="1" type="stmt"/>
            <line num="326" count="1" type="stmt"/>
            <line num="327" count="1" type="stmt"/>
            <line num="328" count="1" type="stmt"/>
            <line num="329" count="1" type="stmt"/>
            <line num="330" count="1" type="stmt"/>
            <line complexity="1" visibility="public" signature="test_playerChooseWatch() : void" num="333" testsuccess="true" count="1" testduration="0.001" type="method"/>
            <line num="335" count="1" type="stmt"/>
            <line num="336" count="1" type="stmt"/>
            <line num="337" count="1" type="stmt"/>
            <line num="338" count="1" type="stmt"/>
            <line num="339" count="1" type="stmt"/>
            <line num="341" count="1" type="stmt"/>
            <line num="343" count="1" type="stmt"/>
            <line num="344" count="1" type="stmt"/>
            <line num="345" count="1" type="stmt"/>
            <line num="346" count="1" type="stmt"/>
            <line num="347" count="1" type="stmt"/>
            <line num="348" count="1" type="stmt"/>
            <line num="349" count="1" type="stmt"/>
            <line num="350" count="1" type="stmt"/>
            <line num="351" count="1" type="stmt"/>
            <line complexity="1" visibility="public" signature="test_playerChooseRoom() : void" num="354" testsuccess="true" count="1" testduration="0.001" type="method"/>
            <line num="356" count="1" type="stmt"/>
            <line num="357" count="1" type="stmt"/>
            <line num="358" count="1" type="stmt"/>
            <line num="359" count="1" type="stmt"/>
            <line num="360" count="1" type="stmt"/>
            <line num="362" count="1" type="stmt"/>
            <line num="364" count="1" type="stmt"/>
            <line num="365" count="1" type="stmt"/>
            <line num="366" count="1" type="stmt"/>
            <line num="367" count="1" type="stmt"/>
            <line num="368" count="1" type="stmt"/>
            <line num="369" count="1" type="stmt"/>
         </file>
         <file path="/Users/yume/Desktop/DUKE/Curricular/23Spr/651/teamproject/Risk_Game/client/src/test/java/edu/duke/ece651/team16/controller/ChatClientTest.java" name="ChatClientTest.java">
            <metrics coveredelements="37" coveredconditionals="0" complexity="7" loc="78" coveredmethods="7" methods="7" elements="37" classes="1" ncloc="66" statements="30" conditionals="0" coveredstatements="30"/>
            <class name="ChatClientTest">
               <metrics coveredelements="37" complexity="7" methods="7" testruns="1" statements="30" coveredconditionals="0" coveredmethods="7" elements="37" testfailures="0" testduration="0.246" conditionals="0" coveredstatements="30" testpasses="1"/>
            </class>
            <line complexity="1" visibility="private" signature="makeSocket() : Socket" num="25" count="1" type="method"/>
            <line num="26" count="1" type="stmt"/>
            <line num="27" count="1" type="stmt"/>
            <line num="28" count="1" type="stmt"/>
            <line num="29" count="1" type="stmt"/>
            <line num="30" count="1" type="stmt"/>
            <line num="31" count="1" type="stmt"/>
            <line complexity="1" visibility="private" signature="makeMockSocketReader(Socket) : BufferedReader" num="34" count="1" type="method"/>
            <line num="35" count="1" type="stmt"/>
            <line complexity="1" visibility="private" signature="makeMockSocketSend(Socket) : PrintWriter" num="38" count="1" type="method"/>
            <line num="39" count="1" type="stmt"/>
            <line complexity="1" visibility="private" signature="makeInputSource(String) : BufferedReader" num="42" count="1" type="method"/>
            <line num="43" count="1" type="stmt"/>
            <line num="44" count="1" type="stmt"/>
            <line num="45" count="1" type="stmt"/>
            <line complexity="1" visibility="private" signature="makeOut() : PrintStream" num="48" count="1" type="method"/>
            <line num="49" count="1" type="stmt"/>
            <line num="50" count="1" type="stmt"/>
            <line num="51" count="1" type="stmt"/>
            <line complexity="1" visibility="private" signature="makeBufferedReader(String) : BufferedReader" num="54" count="1" type="method"/>
            <line num="55" count="1" type="stmt"/>
            <line num="56" count="1" type="stmt"/>
            <line num="57" count="1" type="stmt"/>
            <line complexity="1" visibility="public" signature="test_() : void" num="60" testsuccess="true" count="1" testduration="0.246" type="method"/>
            <line num="62" count="1" type="stmt"/>
            <line num="63" count="1" type="stmt"/>
            <line num="64" count="1" type="stmt"/>
            <line num="65" count="1" type="stmt"/>
            <line num="66" count="1" type="stmt"/>
            <line num="67" count="1" type="stmt"/>
            <line num="69" count="1" type="stmt"/>
            <line num="70" count="1" type="stmt"/>
            <line num="71" count="1" type="stmt"/>
            <line num="72" count="1" type="stmt"/>
            <line num="73" count="1" type="stmt"/>
            <line num="74" count="1" type="stmt"/>
            <line num="75" count="1" type="stmt"/>
         </file>
         <file path="/Users/yume/Desktop/DUKE/Curricular/23Spr/651/teamproject/Risk_Game/client/src/test/java/edu/duke/ece651/team16/controller/MapParserTest.java" name="MapParserTest.java">
            <metrics coveredelements="17" coveredconditionals="0" complexity="2" loc="35" coveredmethods="2" methods="2" elements="17" classes="1" ncloc="28" statements="15" conditionals="0" coveredstatements="15"/>
            <class name="MapParserTest">
               <metrics coveredelements="17" complexity="2" methods="2" testruns="2" statements="15" coveredconditionals="0" coveredmethods="2" elements="17" testfailures="0" testduration="0.001" conditionals="0" coveredstatements="15" testpasses="2"/>
            </class>
            <line complexity="1" visibility="public" signature="test_MapParserInit() : void" num="12" testsuccess="true" count="1" testduration="0.001" type="method"/>
            <line num="14" count="1" type="stmt"/>
            <line num="15" count="1" type="stmt"/>
            <line num="16" count="1" type="stmt"/>
            <line complexity="1" visibility="public" signature="test_getTerritory() : void" num="19" testsuccess="true" count="1" testduration="0.0" type="method"/>
            <line num="21" count="1" type="stmt"/>
            <line num="22" count="1" type="stmt"/>
            <line num="23" count="1" type="stmt"/>
            <line num="24" count="1" type="stmt"/>
            <line num="25" count="1" type="stmt"/>
            <line num="26" count="1" type="stmt"/>
            <line num="27" count="1" type="stmt"/>
            <line num="28" count="1" type="stmt"/>
            <line num="29" count="1" type="stmt"/>
            <line num="30" count="1" type="stmt"/>
            <line num="31" count="1" type="stmt"/>
            <line num="32" count="1" type="stmt"/>
         </file>
         <file path="/Users/yume/Desktop/DUKE/Curricular/23Spr/651/teamproject/Risk_Game/client/src/test/java/edu/duke/ece651/team16/controller/ConnClientTest.java" name="ConnClientTest.java">
            <metrics coveredelements="74" coveredconditionals="0" complexity="7" loc="145" coveredmethods="7" methods="7" elements="74" classes="1" ncloc="102" statements="67" conditionals="0" coveredstatements="67"/>
            <class name="ConnClientTest">
               <metrics coveredelements="74" complexity="7" methods="7" testruns="5" statements="67" coveredconditionals="0" coveredmethods="7" elements="74" testfailures="0" testduration="0.029" conditionals="0" coveredstatements="67" testpasses="5"/>
            </class>
            <line complexity="1" visibility="private" signature="makeMockSocket() : Socket" num="20" count="4" type="method"/>
            <line num="21" count="4" type="stmt"/>
            <line num="22" count="4" type="stmt"/>
            <line num="23" count="4" type="stmt"/>
            <line num="24" count="4" type="stmt"/>
            <line num="25" count="4" type="stmt"/>
            <line num="27" count="4" type="stmt"/>
            <line complexity="1" visibility="private" signature="makeBufferedReader(String) : BufferedReader" num="30" count="2" type="method"/>
            <line num="31" count="2" type="stmt"/>
            <line num="32" count="2" type="stmt"/>
            <line num="33" count="2" type="stmt"/>
            <line complexity="1" visibility="public" signature="testSend() : void" num="36" testsuccess="true" count="1" testduration="0.028" type="method"/>
            <line num="39" count="1" type="stmt"/>
            <line num="42" count="1" type="stmt"/>
            <line num="45" count="1" type="stmt"/>
            <line num="48" count="1" type="stmt"/>
            <line num="49" count="1" type="stmt"/>
            <line num="50" count="1" type="stmt"/>
            <line num="53" count="1" type="stmt"/>
            <line num="56" count="1" type="stmt"/>
            <line num="57" count="1" type="stmt"/>
            <line num="60" count="1" type="stmt"/>
            <line num="62" count="1" type="stmt"/>
            <line num="63" count="1" type="stmt"/>
            <line num="64" count="1" type="stmt"/>
            <line num="65" count="1" type="stmt"/>
            <line num="69" count="1" type="stmt"/>
            <line num="70" count="1" type="stmt"/>
            <line num="71" count="1" type="stmt"/>
            <line num="73" count="1" type="stmt"/>
            <line num="74" count="1" type="stmt"/>
            <line num="76" count="1" type="stmt"/>
            <line num="78" count="1" type="stmt"/>
            <line num="79" count="1" type="stmt"/>
            <line complexity="1" visibility="public" signature="test_close() : void" num="82" testsuccess="true" count="1" testduration="0.0" type="method"/>
            <line num="84" count="1" type="stmt"/>
            <line num="85" count="1" type="stmt"/>
            <line num="87" count="1" type="stmt"/>
            <line num="88" count="1" type="stmt"/>
            <line num="89" count="1" type="stmt"/>
            <line num="90" count="1" type="stmt"/>
            <line num="92" count="1" type="stmt"/>
            <line num="94" count="1" type="stmt"/>
            <line complexity="1" visibility="public" signature="test_recv() : void" num="97" testsuccess="true" count="1" testduration="0.001" type="method"/>
            <line num="99" count="1" type="stmt"/>
            <line num="100" count="1" type="stmt"/>
            <line num="102" count="1" type="stmt"/>
            <line num="103" count="1" type="stmt"/>
            <line num="104" count="1" type="stmt"/>
            <line num="105" count="1" type="stmt"/>
            <line num="107" count="1" type="stmt"/>
            <line num="108" count="1" type="stmt"/>
            <line num="109" count="1" type="stmt"/>
            <line num="111" count="1" type="stmt"/>
            <line num="112" count="1" type="stmt"/>
            <line num="113" count="1" type="stmt"/>
            <line num="114" count="1" type="stmt"/>
            <line num="115" count="1" type="stmt"/>
            <line num="117" count="1" type="stmt"/>
            <line num="119" count="1" type="stmt"/>
            <line num="120" count="1" type="stmt"/>
            <line complexity="1" visibility="public" signature="test_socketClose_IOE() : void" num="123" testsuccess="true" count="1" testduration="0.0" type="method"/>
            <line num="125" count="1" type="stmt"/>
            <line num="127" count="1" type="stmt"/>
            <line num="129" count="1" type="stmt"/>
            <line num="130" count="1" type="stmt"/>
            <line complexity="1" visibility="public" signature="test_connection_fail_construct() : void" num="133" testsuccess="true" count="1" testduration="0.0" type="method"/>
            <line num="135" count="1" type="stmt"/>
            <line num="136" count="1" type="stmt"/>
            <line num="137" count="1" type="stmt"/>
            <line num="138" count="1" type="stmt"/>
            <line num="139" count="1" type="stmt"/>
            <line num="141" count="1" type="stmt"/>
            <line num="142" count="1" type="stmt"/>
         </file>
         <file path="/Users/yume/Desktop/DUKE/Curricular/23Spr/651/teamproject/Risk_Game/client/src/test/java/edu/duke/ece651/team16/controller/LoginControllerTest.java" name="LoginControllerTest.java">
            <metrics coveredelements="29" coveredconditionals="0" complexity="3" loc="73" coveredmethods="2" methods="2" elements="30" classes="1" ncloc="62" statements="28" conditionals="0" coveredstatements="27"/>
            <class name="LoginControllerTest">
               <metrics coveredelements="29" complexity="3" methods="2" testruns="1" statements="28" coveredconditionals="0" coveredmethods="2" elements="30" testfailures="0" testduration="5.605" conditionals="0" coveredstatements="27" testpasses="1"/>
            </class>
            <line complexity="2" visibility="public" signature="start(Stage) : void" num="31" count="1" type="method"/>
            <line num="33" count="1" type="stmt"/>
            <line num="34" count="1" type="stmt"/>
            <line num="35" count="1" type="stmt"/>
            <line num="36" count="1" type="stmt"/>
            <line num="37" count="1" type="stmt"/>
            <line num="38" count="1" type="stmt"/>
            <line num="39" count="1" type="stmt"/>
            <line num="40" count="1" type="stmt"/>
            <line num="41" count="1" type="stmt"/>
            <line num="43" count="0" type="stmt"/>
            <line num="47" count="1" type="stmt"/>
            <line num="48" count="1" type="stmt"/>
            <line num="50" count="1" type="stmt"/>
            <line num="51" count="1" type="stmt"/>
            <line num="52" count="1" type="stmt"/>
            <line complexity="1" visibility="public" signature="test_() : void" num="56" testsuccess="true" count="1" testduration="5.605" type="method"/>
            <line num="58" count="1" type="stmt"/>
            <line num="59" count="1" type="stmt"/>
            <line num="60" count="1" type="stmt"/>
            <line num="61" count="1" type="stmt"/>
            <line num="62" count="1" type="stmt"/>
            <line num="63" count="1" type="stmt"/>
            <line num="64" count="1" type="stmt"/>
            <line num="65" count="1" type="stmt"/>
            <line num="66" count="1" type="stmt"/>
            <line num="67" count="1" type="stmt"/>
            <line num="68" count="1" type="stmt"/>
            <line num="69" count="1" type="stmt"/>
            <line num="70" count="1" type="stmt"/>
         </file>
      </package>
   </testproject>
</coverage>