<?xml version="1.0" encoding="UTF-8"?>
<coverage generated="1683061875931" clover="4.4.1">
   <project name="server" timestamp="1683061875641">
      <metrics coveredelements="1505" complexity="454" loc="4004" methods="227" classes="35" statements="1316" packages="1" coveredconditionals="262" coveredmethods="205" elements="1893" ncloc="2400" files="35" conditionals="350" coveredstatements="1038"/>
      <package name="edu.duke.ece651.team16.server">
         <metrics coveredelements="1505" complexity="454" loc="4004" methods="227" classes="35" statements="1316" coveredconditionals="262" coveredmethods="205" elements="1893" ncloc="2400" files="35" conditionals="350" coveredstatements="1038"/>
         <file path="/Users/yume/Desktop/DUKE/Curricular/23Spr/651/teamproject/Risk_Game/server/src/main/java/edu/duke/ece651/team16/server/UpgradeTechLevelChecker.java" name="UpgradeTechLevelChecker.java">
            <metrics coveredelements="8" coveredconditionals="2" complexity="3" loc="30" coveredmethods="2" methods="2" elements="8" classes="1" ncloc="15" statements="4" conditionals="2" coveredstatements="4"/>
            <class name="UpgradeTechLevelChecker">
               <metrics coveredelements="8" coveredconditionals="2" complexity="3" coveredmethods="2" methods="2" elements="8" statements="4" conditionals="2" coveredstatements="4"/>
            </class>
            <line complexity="1" visibility="public" signature="UpgradeTechLevelChecker(UpgradeRuleChecker)" num="6" count="5" type="method"/>
            <line num="7" count="5" type="stmt"/>
            <line complexity="2" visibility="public" signature="checkMyRule(Player,Territory,int,int,int) : String" num="21" count="5" type="method"/>
            <line num="24" count="5" type="stmt"/>
            <line falsecount="4" truecount="1" num="24" type="cond"/>
            <line num="25" count="1" type="stmt"/>
            <line num="27" count="4" type="stmt"/>
         </file>
         <file path="/Users/yume/Desktop/DUKE/Curricular/23Spr/651/teamproject/Risk_Game/server/src/main/java/edu/duke/ece651/team16/server/BasicUnit.java" name="BasicUnit.java">
            <metrics coveredelements="30" coveredconditionals="0" complexity="13" loc="118" coveredmethods="13" methods="13" elements="30" classes="1" ncloc="50" statements="17" conditionals="0" coveredstatements="17"/>
            <class name="BasicUnit">
               <metrics coveredelements="30" coveredconditionals="0" complexity="13" coveredmethods="13" methods="13" elements="30" statements="17" conditionals="0" coveredstatements="17"/>
            </class>
            <line complexity="1" visibility="public" signature="BasicUnit(Player,Territory,boolean,int)" num="17" count="313" type="method"/>
            <line num="18" count="313" type="stmt"/>
            <line num="19" count="313" type="stmt"/>
            <line num="20" count="313" type="stmt"/>
            <line num="21" count="313" type="stmt"/>
            <line num="22" count="313" type="stmt"/>
            <line complexity="1" visibility="public" signature="setwhere(Territory) : void" num="29" count="55" type="method"/>
            <line num="30" count="55" type="stmt"/>
            <line complexity="1" visibility="public" signature="getwhere() : Territory" num="37" count="188" type="method"/>
            <line num="38" count="188" type="stmt"/>
            <line complexity="1" visibility="public" signature="getOwner() : Player" num="45" count="596" type="method"/>
            <line num="46" count="596" type="stmt"/>
            <line complexity="1" visibility="public" signature="getAlive() : boolean" num="53" count="16" type="method"/>
            <line num="54" count="16" type="stmt"/>
            <line complexity="1" visibility="public" signature="getisAttacker() : boolean" num="61" count="108" type="method"/>
            <line num="62" count="108" type="stmt"/>
            <line complexity="1" visibility="public" signature="setisAttacker() : void" num="68" count="1" type="method"/>
            <line num="69" count="1" type="stmt"/>
            <line complexity="1" visibility="public" signature="setDead() : void" num="75" count="103" type="method"/>
            <line num="76" count="103" type="stmt"/>
            <line complexity="1" visibility="public" signature="getId() : int" num="83" count="1" type="method"/>
            <line num="84" count="1" type="stmt"/>
            <line complexity="1" visibility="public" signature="getName() : String" num="91" count="1" type="method"/>
            <line num="92" count="1" type="stmt"/>
            <line complexity="1" visibility="public" signature="getLevel() : int" num="99" count="1" type="method"/>
            <line num="100" count="1" type="stmt"/>
            <line complexity="1" visibility="public" signature="getBonus() : int" num="107" count="1" type="method"/>
            <line num="108" count="1" type="stmt"/>
            <line complexity="1" visibility="public" signature="upgrade(int) : void" num="115" count="1" type="method"/>
            <line num="116" count="1" type="stmt"/>
         </file>
         <file path="/Users/yume/Desktop/DUKE/Curricular/23Spr/651/teamproject/Risk_Game/server/src/main/java/edu/duke/ece651/team16/server/ResearchOrder.java" name="ResearchOrder.java">
            <metrics coveredelements="26" coveredconditionals="4" complexity="5" loc="58" coveredmethods="3" methods="3" elements="26" classes="1" ncloc="36" statements="19" conditionals="4" coveredstatements="19"/>
            <class name="ResearchOrder">
               <metrics coveredelements="26" coveredconditionals="4" complexity="5" coveredmethods="3" methods="3" elements="26" statements="19" conditionals="4" coveredstatements="19"/>
            </class>
            <line complexity="1" visibility="public" signature="ResearchOrder(Player)" num="17" count="5" type="method"/>
            <line num="18" count="5" type="stmt"/>
            <line num="19" count="5" type="stmt"/>
            <line num="20" count="5" type="stmt"/>
            <line complexity="1" visibility="private" signature="initializeTable() : void" num="26" count="5" type="method"/>
            <line num="28" count="5" type="stmt"/>
            <line num="29" count="5" type="stmt"/>
            <line num="30" count="5" type="stmt"/>
            <line num="31" count="5" type="stmt"/>
            <line num="32" count="5" type="stmt"/>
            <line complexity="3" visibility="public" signature="tryAction() : String" num="40" count="4" type="method"/>
            <line num="42" count="4" type="stmt"/>
            <line num="43" count="4" type="stmt"/>
            <line num="44" count="4" type="stmt"/>
            <line falsecount="2" truecount="2" num="44" type="cond"/>
            <line num="45" count="2" type="stmt"/>
            <line num="46" count="2" type="stmt"/>
            <line falsecount="1" truecount="1" num="46" type="cond"/>
            <line num="47" count="1" type="stmt"/>
            <line num="50" count="1" type="stmt"/>
            <line num="51" count="1" type="stmt"/>
            <line num="52" count="1" type="stmt"/>
            <line num="53" count="1" type="stmt"/>
            <line num="55" count="2" type="stmt"/>
         </file>
         <file path="/Users/yume/Desktop/DUKE/Curricular/23Spr/651/teamproject/Risk_Game/server/src/main/java/edu/duke/ece651/team16/server/Order.java" name="Order.java">
            <metrics coveredelements="0" coveredconditionals="0" complexity="0" loc="7" coveredmethods="0" methods="0" elements="0" classes="1" ncloc="5" statements="0" conditionals="0" coveredstatements="0"/>
            <class name="Order">
               <metrics coveredelements="0" coveredconditionals="0" complexity="0" coveredmethods="0" methods="0" elements="0" statements="0" conditionals="0" coveredstatements="0"/>
            </class>
         </file>
         <file path="/Users/yume/Desktop/DUKE/Curricular/23Spr/651/teamproject/Risk_Game/server/src/main/java/edu/duke/ece651/team16/server/AssignUnitRuleChecker.java" name="AssignUnitRuleChecker.java">
            <metrics coveredelements="10" coveredconditionals="4" complexity="3" loc="27" coveredmethods="1" methods="1" elements="10" classes="1" ncloc="12" statements="5" conditionals="4" coveredstatements="5"/>
            <class name="AssignUnitRuleChecker">
               <metrics coveredelements="10" coveredconditionals="4" complexity="3" coveredmethods="1" methods="1" elements="10" statements="5" conditionals="4" coveredstatements="5"/>
            </class>
            <line complexity="3" visibility="public" signature="checkMyRule(String,Player,int) : String" num="15" count="16" type="method"/>
            <line num="16" count="16" type="stmt"/>
            <line falsecount="8" truecount="8" num="16" type="cond"/>
            <line num="17" count="8" type="stmt"/>
            <line num="20" count="8" type="stmt"/>
            <line falsecount="6" truecount="2" num="20" type="cond"/>
            <line num="21" count="2" type="stmt"/>
            <line num="24" count="6" type="stmt"/>
         </file>
         <file path="/Users/yume/Desktop/DUKE/Curricular/23Spr/651/teamproject/Risk_Game/server/src/main/java/edu/duke/ece651/team16/server/MoveInputRuleChecker.java" name="MoveInputRuleChecker.java">
            <metrics coveredelements="16" coveredconditionals="6" complexity="9" loc="39" coveredmethods="2" methods="2" elements="16" classes="1" ncloc="22" statements="8" conditionals="6" coveredstatements="8"/>
            <class name="MoveInputRuleChecker">
               <metrics coveredelements="16" coveredconditionals="6" complexity="9" coveredmethods="2" methods="2" elements="16" statements="8" conditionals="6" coveredstatements="8"/>
            </class>
            <line complexity="1" visibility="public" signature="MoveInputRuleChecker(OrderRuleChecker)" num="7" count="5" type="method"/>
            <line num="8" count="5" type="stmt"/>
            <line complexity="8" visibility="public" signature="checkMyRule(Territory,Territory,Player,int,GameMap,int) : String" num="22" count="5" type="method"/>
            <line num="24" count="5" type="stmt"/>
            <line falsecount="4" truecount="1" num="24" type="cond"/>
            <line num="27" count="1" type="stmt"/>
            <line num="29" count="4" type="stmt"/>
            <line falsecount="3" truecount="1" num="29" type="cond"/>
            <line num="31" count="1" type="stmt"/>
            <line num="33" count="3" type="stmt"/>
            <line falsecount="2" truecount="1" num="33" type="cond"/>
            <line num="35" count="1" type="stmt"/>
            <line num="37" count="2" type="stmt"/>
         </file>
         <file path="/Users/yume/Desktop/DUKE/Curricular/23Spr/651/teamproject/Risk_Game/server/src/main/java/edu/duke/ece651/team16/server/AttackOrder.java" name="AttackOrder.java">
            <metrics coveredelements="33" coveredconditionals="6" complexity="8" loc="100" coveredmethods="3" methods="3" elements="47" classes="1" ncloc="64" statements="36" conditionals="8" coveredstatements="24"/>
            <class name="AttackOrder">
               <metrics coveredelements="33" coveredconditionals="6" complexity="8" coveredmethods="3" methods="3" elements="47" statements="36" conditionals="8" coveredstatements="24"/>
            </class>
            <line complexity="1" visibility="public" signature="AttackOrder(Territory,Territory,int,Player,GameMap,int,ChatServer)" num="29" count="3" type="method"/>
            <line num="31" count="3" type="stmt"/>
            <line num="32" count="3" type="stmt"/>
            <line num="33" count="3" type="stmt"/>
            <line num="34" count="3" type="stmt"/>
            <line num="35" count="3" type="stmt"/>
            <line num="36" count="3" type="stmt"/>
            <line num="37" count="3" type="stmt"/>
            <line complexity="6" visibility="public" signature="tryAction() : String" num="45" count="3" type="method"/>
            <line num="47" count="3" type="stmt"/>
            <line num="48" count="3" type="stmt"/>
            <line falsecount="3" truecount="0" num="48" type="cond"/>
            <line num="49" count="0" type="stmt"/>
            <line num="51" count="3" type="stmt"/>
            <line num="53" count="3" type="stmt"/>
            <line num="54" count="3" type="stmt"/>
            <line falsecount="1" truecount="2" num="54" type="cond"/>
            <line num="55" count="2" type="stmt"/>
            <line num="56" count="2" type="stmt"/>
            <line falsecount="2" truecount="0" num="56" type="cond"/>
            <line num="59" count="0" type="stmt"/>
            <line num="60" count="0" type="stmt"/>
            <line num="61" count="0" type="stmt"/>
            <line num="63" count="0" type="stmt"/>
            <line num="64" count="0" type="stmt"/>
            <line num="65" count="0" type="stmt"/>
            <line num="68" count="0" type="stmt"/>
            <line num="69" count="0" type="stmt"/>
            <line num="70" count="0" type="stmt"/>
            <line num="72" count="0" type="stmt"/>
            <line num="73" count="0" type="stmt"/>
            <line num="76" count="2" type="stmt"/>
            <line num="77" count="2" type="stmt"/>
            <line falsecount="1" truecount="1" num="77" type="cond"/>
            <line num="78" count="1" type="stmt"/>
            <line num="81" count="1" type="stmt"/>
            <line num="83" count="1" type="stmt"/>
            <line num="85" count="1" type="stmt"/>
            <line num="86" count="1" type="stmt"/>
            <line num="88" count="1" type="stmt"/>
            <line complexity="1" visibility="public" signature="attackCost() : int" num="96" count="2" type="method"/>
            <line num="97" count="2" type="stmt"/>
            <line num="98" count="2" type="stmt"/>
         </file>
         <file path="/Users/yume/Desktop/DUKE/Curricular/23Spr/651/teamproject/Risk_Game/server/src/main/java/edu/duke/ece651/team16/server/MovePathRuleChecker.java" name="MovePathRuleChecker.java">
            <metrics coveredelements="68" coveredconditionals="16" complexity="16" loc="138" coveredmethods="6" methods="6" elements="68" classes="1" ncloc="81" statements="46" conditionals="16" coveredstatements="46"/>
            <class name="MovePathRuleChecker">
               <metrics coveredelements="68" coveredconditionals="16" complexity="16" coveredmethods="6" methods="6" elements="68" statements="46" conditionals="16" coveredstatements="46"/>
            </class>
            <line complexity="1" visibility="public" signature="MovePathRuleChecker(OrderRuleChecker)" num="8" count="4" type="method"/>
            <line num="9" count="4" type="stmt"/>
            <line complexity="2" visibility="public" signature="checkMyRule(Territory,Territory,Player,int,GameMap,int) : String" num="23" count="4" type="method"/>
            <line num="26" count="4" type="stmt"/>
            <line num="27" count="4" type="stmt"/>
            <line num="28" count="4" type="stmt"/>
            <line num="29" count="4" type="stmt"/>
            <line falsecount="1" truecount="3" num="29" type="cond"/>
            <line num="30" count="3" type="stmt"/>
            <line num="32" count="1" type="stmt"/>
            <line complexity="7" visibility="private" signature="dfs(Territory,Territory,Player,HashMap&lt;String, List&lt;Territory&gt;&gt;,HashSet&lt;Territory&gt;) : boolean" num="46" count="8" type="method"/>
            <line num="48" count="8" type="stmt"/>
            <line falsecount="5" truecount="3" num="48" type="cond"/>
            <line num="49" count="3" type="stmt"/>
            <line num="51" count="5" type="stmt"/>
            <line num="52" count="5" type="stmt"/>
            <line num="54" count="9" type="stmt"/>
            <line falsecount="1" truecount="8" num="54" type="cond"/>
            <line num="55" count="8" type="stmt"/>
            <line falsecount="4" truecount="4" num="55" type="cond"/>
            <line num="58" count="4" type="stmt"/>
            <line num="59" count="4" type="stmt"/>
            <line num="60" count="4" type="stmt"/>
            <line falsecount="1" truecount="3" num="60" type="cond"/>
            <line num="61" count="3" type="stmt"/>
            <line num="66" count="2" type="stmt"/>
            <line complexity="2" visibility="public" signature="dijkstraAlgorithm(Territory,Territory,GameMap) : int" num="78" count="2" type="method"/>
            <line num="79" count="2" type="stmt"/>
            <line num="80" count="2" type="stmt"/>
            <line num="81" count="2" type="stmt"/>
            <line num="82" count="2" type="stmt"/>
            <line num="83" count="2" type="stmt"/>
            <line num="84" count="4" type="stmt"/>
            <line num="85" count="4" type="stmt"/>
            <line num="87" count="2" type="stmt"/>
            <line num="88" count="2" type="stmt"/>
            <line falsecount="2" truecount="4" num="88" type="cond"/>
            <line num="89" count="4" type="stmt"/>
            <line num="90" count="4" type="stmt"/>
            <line num="91" count="4" type="stmt"/>
            <line num="92" count="4" type="stmt"/>
            <line num="94" count="2" type="stmt"/>
            <line complexity="2" visibility="private" signature="getMinimumDistanceTerritory(Set&lt;Territory&gt;,Map&lt;Territory, Integer&gt;) : Territory" num="104" count="4" type="method"/>
            <line num="106" count="4" type="stmt"/>
            <line num="107" count="4" type="stmt"/>
            <line num="108" count="4" type="stmt"/>
            <line num="109" count="6" type="stmt"/>
            <line num="110" count="6" type="stmt"/>
            <line falsecount="2" truecount="4" num="110" type="cond"/>
            <line num="111" count="4" type="stmt"/>
            <line num="112" count="4" type="stmt"/>
            <line num="115" count="4" type="stmt"/>
            <line complexity="2" visibility="private" signature="relaxNeighbors(Territory,Map&lt;Territory, Integer&gt;,Set&lt;Territory&gt;) : void" num="126" count="4" type="method"/>
            <line num="128" count="4" type="stmt"/>
            <line num="129" count="4" type="stmt"/>
            <line num="130" count="4" type="stmt"/>
            <line num="131" count="4" type="stmt"/>
            <line falsecount="2" truecount="2" num="131" type="cond"/>
            <line num="132" count="2" type="stmt"/>
            <line num="133" count="2" type="stmt"/>
         </file>
         <file path="/Users/yume/Desktop/DUKE/Curricular/23Spr/651/teamproject/Risk_Game/server/src/main/java/edu/duke/ece651/team16/server/SpecialOrder.java" name="SpecialOrder.java">
            <metrics coveredelements="35" coveredconditionals="12" complexity="9" loc="62" coveredmethods="3" methods="3" elements="35" classes="1" ncloc="37" statements="20" conditionals="12" coveredstatements="20"/>
            <class name="SpecialOrder">
               <metrics coveredelements="35" coveredconditionals="12" complexity="9" coveredmethods="3" methods="3" elements="35" statements="20" conditionals="12" coveredstatements="20"/>
            </class>
            <line complexity="1" visibility="public" signature="SpecialOrder(Player,String)" num="17" count="4" type="method"/>
            <line num="18" count="4" type="stmt"/>
            <line num="19" count="4" type="stmt"/>
            <line complexity="1" visibility="public" signature="SpecialOrder(Player,String,Territory)" num="27" count="3" type="method"/>
            <line num="28" count="3" type="stmt"/>
            <line num="29" count="3" type="stmt"/>
            <line num="30" count="3" type="stmt"/>
            <line complexity="7" visibility="public" signature="tryAction() : String" num="38" count="7" type="method"/>
            <line num="40" count="7" type="stmt"/>
            <line falsecount="6" truecount="1" num="40" type="cond"/>
            <line num="41" count="1" type="stmt"/>
            <line num="42" count="1" type="stmt"/>
            <line num="43" count="6" type="stmt"/>
            <line falsecount="5" truecount="1" num="43" type="cond"/>
            <line num="44" count="1" type="stmt"/>
            <line num="45" count="1" type="stmt"/>
            <line num="46" count="5" type="stmt"/>
            <line falsecount="4" truecount="1" num="46" type="cond"/>
            <line num="47" count="1" type="stmt"/>
            <line num="48" count="4" type="stmt"/>
            <line falsecount="3" truecount="1" num="48" type="cond"/>
            <line num="49" count="1" type="stmt"/>
            <line num="50" count="3" type="stmt"/>
            <line falsecount="1" truecount="2" num="50" type="cond"/>
            <line num="52" count="2" type="stmt"/>
            <line falsecount="1" truecount="1" num="52" type="cond"/>
            <line num="53" count="1" type="stmt"/>
            <line num="56" count="1" type="stmt"/>
            <line num="59" count="6" type="stmt"/>
         </file>
         <file path="/Users/yume/Desktop/DUKE/Curricular/23Spr/651/teamproject/Risk_Game/server/src/main/java/edu/duke/ece651/team16/server/Territory.java" name="Territory.java">
            <metrics coveredelements="152" coveredconditionals="25" complexity="61" loc="473" coveredmethods="29" methods="34" elements="219" classes="1" ncloc="259" statements="141" conditionals="44" coveredstatements="98"/>
            <class name="Territory">
               <metrics coveredelements="152" coveredconditionals="25" complexity="61" coveredmethods="29" methods="34" elements="219" statements="141" conditionals="44" coveredstatements="98"/>
            </class>
            <line complexity="1" visibility="public" signature="Territory(String)" num="22" count="374" type="method"/>
            <line num="23" count="374" type="stmt"/>
            <line num="24" count="374" type="stmt"/>
            <line num="25" count="374" type="stmt"/>
            <line num="26" count="374" type="stmt"/>
            <line num="27" count="374" type="stmt"/>
            <line num="28" count="374" type="stmt"/>
            <line num="29" count="374" type="stmt"/>
            <line complexity="1" visibility="public" signature="setFoodRate(int) : void" num="37" count="1" type="method"/>
            <line num="38" count="1" type="stmt"/>
            <line complexity="1" visibility="public" signature="setTechRate(int) : void" num="46" count="1" type="method"/>
            <line num="47" count="1" type="stmt"/>
            <line complexity="1" visibility="public" signature="getFoodRate() : int" num="55" count="26" type="method"/>
            <line num="56" count="26" type="stmt"/>
            <line complexity="1" visibility="public" signature="getTechRate() : int" num="64" count="26" type="method"/>
            <line num="65" count="26" type="stmt"/>
            <line complexity="1" visibility="public" signature="getUnits() : ArrayList&lt;Unit&gt;" num="74" count="7" type="method"/>
            <line num="75" count="7" type="stmt"/>
            <line complexity="2" visibility="public" signature="existsBattle() : boolean" num="83" count="7" type="method"/>
            <line num="84" count="7" type="stmt"/>
            <line falsecount="6" truecount="1" num="84" type="cond"/>
            <line num="85" count="1" type="stmt"/>
            <line num="87" count="6" type="stmt"/>
            <line complexity="1" visibility="public" signature="getBomber() : Player" num="90" count="0" type="method"/>
            <line num="91" count="0" type="stmt"/>
            <line complexity="3" visibility="public" signature="defendHome() : void" num="97" count="5" type="method"/>
            <line num="98" count="5" type="stmt"/>
            <line falsecount="2" truecount="3" num="98" type="cond"/>
            <line num="99" count="3" type="stmt"/>
            <line complexity="3" visibility="public" signature="doBattle() : String" num="108" count="3" type="method"/>
            <line num="109" count="3" type="stmt"/>
            <line num="110" count="3" type="stmt"/>
            <line num="111" count="3" type="stmt"/>
            <line num="112" count="3" type="stmt"/>
            <line falsecount="3" truecount="0" num="112" type="cond"/>
            <line num="113" count="0" type="stmt"/>
            <line num="117" count="0" type="stmt"/>
            <line num="119" count="3" type="stmt"/>
            <line num="120" count="3" type="stmt"/>
            <line num="121" count="3" type="stmt"/>
            <line num="122" count="3" type="stmt"/>
            <line num="123" count="3" type="stmt"/>
            <line falsecount="2" truecount="1" num="123" type="cond"/>
            <line num="124" count="1" type="stmt"/>
            <line num="125" count="1" type="stmt"/>
            <line num="127" count="3" type="stmt"/>
            <line num="128" count="3" type="stmt"/>
            <line num="129" count="3" type="stmt"/>
            <line num="131" count="3" type="stmt"/>
            <line complexity="1" visibility="public" signature="bombing() : void" num="134" count="0" type="method"/>
            <line num="136" count="0" type="stmt"/>
            <line num="138" count="0" type="stmt"/>
            <line num="140" count="0" type="stmt"/>
            <line num="141" count="0" type="stmt"/>
            <line num="142" count="0" type="stmt"/>
            <line num="145" count="0" type="stmt"/>
            <line num="147" count="0" type="stmt"/>
            <line num="149" count="0" type="stmt"/>
            <line complexity="3" visibility="public" signature="getAliveUnitsFor(Player,int) : ArrayList&lt;Unit&gt;" num="158" count="13" type="method"/>
            <line num="159" count="13" type="stmt"/>
            <line num="160" count="13" type="stmt"/>
            <line num="161" count="16" type="stmt"/>
            <line falsecount="1" truecount="15" num="161" type="cond"/>
            <line num="162" count="15" type="stmt"/>
            <line num="165" count="13" type="stmt"/>
            <line complexity="6" visibility="public" signature="moveAllyUnitsHome() : void" num="173" count="0" type="method"/>
            <line num="174" count="0" type="stmt"/>
            <line num="175" count="0" type="stmt"/>
            <line num="183" count="0" type="stmt"/>
            <line num="184" count="0" type="stmt"/>
            <line falsecount="0" truecount="0" num="184" type="cond"/>
            <line num="185" count="0" type="stmt"/>
            <line num="186" count="0" type="stmt"/>
            <line falsecount="0" truecount="0" num="186" type="cond"/>
            <line num="187" count="0" type="stmt"/>
            <line num="188" count="0" type="stmt"/>
            <line num="192" count="0" type="stmt"/>
            <line falsecount="0" truecount="0" num="192" type="cond"/>
            <line num="193" count="0" type="stmt"/>
            <line num="195" count="0" type="stmt"/>
            <line falsecount="0" truecount="0" num="195" type="cond"/>
            <line num="196" count="0" type="stmt"/>
            <line num="198" count="0" type="stmt"/>
            <line complexity="1" visibility="public" signature="tryAddUnits(ArrayList&lt;Unit&gt;) : void" num="211" count="41" type="method"/>
            <line num="212" count="41" type="stmt"/>
            <line num="213" count="50" type="stmt"/>
            <line num="214" count="50" type="stmt"/>
            <line complexity="2" visibility="public" signature="tryAddAttackers(ArrayList&lt;Unit&gt;) : void" num="221" count="7" type="method"/>
            <line num="222" count="7" type="stmt"/>
            <line falsecount="1" truecount="6" num="222" type="cond"/>
            <line num="223" count="6" type="stmt"/>
            <line complexity="2" visibility="public" signature="tryRemoveUnits(int,Player,int) : ArrayList&lt;Unit&gt;" num="234" count="3" type="method"/>
            <line num="235" count="3" type="stmt"/>
            <line num="236" count="3" type="stmt"/>
            <line num="237" count="3" type="stmt"/>
            <line falsecount="3" truecount="4" num="237" type="cond"/>
            <line num="238" count="4" type="stmt"/>
            <line num="239" count="4" type="stmt"/>
            <line num="240" count="4" type="stmt"/>
            <line num="241" count="4" type="stmt"/>
            <line num="243" count="3" type="stmt"/>
            <line complexity="4" visibility="public" signature="getUnitsString() : String" num="251" count="4" type="method"/>
            <line num="252" count="4" type="stmt"/>
            <line num="253" count="4" type="stmt"/>
            <line num="254" count="4" type="stmt"/>
            <line falsecount="4" truecount="28" num="254" type="cond"/>
            <line num="255" count="28" type="stmt"/>
            <line num="256" count="28" type="stmt"/>
            <line num="258" count="4" type="stmt"/>
            <line num="259" count="4" type="stmt"/>
            <line falsecount="4" truecount="0" num="259" type="cond"/>
            <line num="260" count="0" type="stmt"/>
            <line num="261" count="0" type="stmt"/>
            <line falsecount="0" truecount="0" num="261" type="cond"/>
            <line num="262" count="0" type="stmt"/>
            <line num="263" count="0" type="stmt"/>
            <line num="267" count="4" type="stmt"/>
            <line complexity="1" visibility="public" signature="getOwner() : Player" num="275" count="40" type="method"/>
            <line num="276" count="40" type="stmt"/>
            <line complexity="1" visibility="public" signature="setOwner(Player) : void" num="284" count="107" type="method"/>
            <line num="285" count="107" type="stmt"/>
            <line complexity="1" visibility="public" signature="getName() : String" num="293" count="104" type="method"/>
            <line num="294" count="104" type="stmt"/>
            <line complexity="1" visibility="public" signature="getNeighbors() : List&lt;Territory&gt;" num="302" count="14" type="method"/>
            <line num="303" count="14" type="stmt"/>
            <line complexity="1" visibility="public" signature="getNeighborsNames() : String" num="311" count="79" type="method"/>
            <line num="312" count="79" type="stmt"/>
            <line num="313" count="79" type="stmt"/>
            <line num="314" count="79" type="stmt"/>
            <line num="315" count="78" type="stmt"/>
            <line num="316" count="78" type="stmt"/>
            <line num="318" count="79" type="stmt"/>
            <line num="319" count="79" type="stmt"/>
            <line num="321" count="79" type="stmt"/>
            <line complexity="1" visibility="public" signature="territoryInfo() : String" num="329" count="2" type="method"/>
            <line num="330" count="2" type="stmt"/>
            <line num="331" count="2" type="stmt"/>
            <line num="333" count="2" type="stmt"/>
            <line complexity="1" visibility="public" signature="setNeighbors(List&lt;Territory&gt;) : void" num="341" count="183" type="method"/>
            <line num="342" count="183" type="stmt"/>
            <line num="343" count="335" type="stmt"/>
            <line num="344" count="335" type="stmt"/>
            <line complexity="2" visibility="public" signature="setDistance(List&lt;Territory&gt;,List&lt;Integer&gt;) : void" num="351" count="145" type="method"/>
            <line num="352" count="145" type="stmt"/>
            <line falsecount="145" truecount="281" num="352" type="cond"/>
            <line num="353" count="281" type="stmt"/>
            <line num="354" count="281" type="stmt"/>
            <line complexity="1" visibility="public" signature="getDistanceMap() : HashMap&lt;Territory, Integer&gt;" num="361" count="281" type="method"/>
            <line num="362" count="281" type="stmt"/>
            <line complexity="1" visibility="public" signature="getDistance(Territory) : int" num="365" count="5" type="method"/>
            <line num="366" count="5" type="stmt"/>
            <line complexity="2" visibility="private" signature="addNeighbor(Territory) : void" num="374" count="670" type="method"/>
            <line num="375" count="670" type="stmt"/>
            <line falsecount="26" truecount="644" num="375" type="cond"/>
            <line num="376" count="644" type="stmt"/>
            <line complexity="3" visibility="public" signature="equals(Object) : boolean" num="386" count="511" type="method"/>
            <line num="388" count="511" type="stmt"/>
            <line falsecount="1" truecount="510" num="388" type="cond"/>
            <line num="389" count="510" type="stmt"/>
            <line num="390" count="510" type="stmt"/>
            <line num="393" count="1" type="stmt"/>
            <line complexity="1" visibility="public" signature="toString() : String" num="401" count="59" type="method"/>
            <line num="403" count="59" type="stmt"/>
            <line complexity="2" visibility="public" signature="getUnitsByLevel(int) : ArrayList&lt;Unit&gt;" num="411" count="17" type="method"/>
            <line num="412" count="17" type="stmt"/>
            <line num="413" count="17" type="stmt"/>
            <line num="414" count="19" type="stmt"/>
            <line falsecount="0" truecount="19" num="414" type="cond"/>
            <line num="415" count="19" type="stmt"/>
            <line num="418" count="17" type="stmt"/>
            <line complexity="3" visibility="public" signature="getUnitsByLevelnPlayer(int,Player) : ArrayList&lt;Unit&gt;" num="426" count="28" type="method"/>
            <line num="427" count="28" type="stmt"/>
            <line num="428" count="28" type="stmt"/>
            <line num="429" count="63" type="stmt"/>
            <line falsecount="54" truecount="9" num="429" type="cond"/>
            <line num="430" count="9" type="stmt"/>
            <line num="433" count="28" type="stmt"/>
            <line complexity="1" visibility="public" signature="placeBomb(Player) : void" num="441" count="0" type="method"/>
            <line num="442" count="0" type="stmt"/>
            <line complexity="4" visibility="public" signature="getMinDistanceTerritory() : Territory" num="452" count="0" type="method"/>
            <line num="453" count="0" type="stmt"/>
            <line num="454" count="0" type="stmt"/>
            <line num="455" count="0" type="stmt"/>
            <line num="456" count="0" type="stmt"/>
            <line num="457" count="0" type="stmt"/>
            <line falsecount="0" truecount="0" num="457" type="cond"/>
            <line num="458" count="0" type="stmt"/>
            <line num="459" count="0" type="stmt"/>
            <line falsecount="0" truecount="0" num="459" type="cond"/>
            <line num="460" count="0" type="stmt"/>
            <line num="462" count="0" type="stmt"/>
            <line num="463" count="0" type="stmt"/>
            <line falsecount="0" truecount="0" num="463" type="cond"/>
            <line num="465" count="0" type="stmt"/>
            <line num="466" count="0" type="stmt"/>
            <line num="467" count="0" type="stmt"/>
            <line num="471" count="0" type="stmt"/>
         </file>
         <file path="/Users/yume/Desktop/DUKE/Curricular/23Spr/651/teamproject/Risk_Game/server/src/main/java/edu/duke/ece651/team16/server/AttackInputRuleChecker.java" name="AttackInputRuleChecker.java">
            <metrics coveredelements="16" coveredconditionals="6" complexity="7" loc="38" coveredmethods="2" methods="2" elements="16" classes="1" ncloc="20" statements="8" conditionals="6" coveredstatements="8"/>
            <class name="AttackInputRuleChecker">
               <metrics coveredelements="16" coveredconditionals="6" complexity="7" coveredmethods="2" methods="2" elements="16" statements="8" conditionals="6" coveredstatements="8"/>
            </class>
            <line complexity="1" visibility="public" signature="AttackInputRuleChecker(OrderRuleChecker)" num="8" count="7" type="method"/>
            <line num="9" count="7" type="stmt"/>
            <line complexity="6" visibility="public" signature="checkMyRule(Territory,Territory,Player,int,GameMap,int) : String" num="23" count="7" type="method"/>
            <line num="25" count="7" type="stmt"/>
            <line falsecount="6" truecount="1" num="25" type="cond"/>
            <line num="27" count="1" type="stmt"/>
            <line num="29" count="6" type="stmt"/>
            <line falsecount="4" truecount="2" num="29" type="cond"/>
            <line num="30" count="2" type="stmt"/>
            <line num="32" count="4" type="stmt"/>
            <line falsecount="3" truecount="1" num="32" type="cond"/>
            <line num="34" count="1" type="stmt"/>
            <line num="36" count="3" type="stmt"/>
         </file>
         <file path="/Users/yume/Desktop/DUKE/Curricular/23Spr/651/teamproject/Risk_Game/server/src/main/java/edu/duke/ece651/team16/server/Battle.java" name="Battle.java">
            <metrics coveredelements="98" coveredconditionals="30" complexity="27" loc="184" coveredmethods="10" methods="10" elements="98" classes="1" ncloc="105" statements="58" conditionals="30" coveredstatements="58"/>
            <class name="Battle">
               <metrics coveredelements="98" coveredconditionals="30" complexity="27" coveredmethods="10" methods="10" elements="98" statements="58" conditionals="30" coveredstatements="58"/>
            </class>
            <line complexity="1" visibility="public" signature="Battle()" num="13" count="381" type="method"/>
            <line num="14" count="381" type="stmt"/>
            <line num="15" count="381" type="stmt"/>
            <line complexity="6" visibility="public" signature="addGroup(ArrayList&lt;Unit&gt;) : void" num="24" count="72" type="method"/>
            <line num="25" count="72" type="stmt"/>
            <line num="26" count="72" type="stmt"/>
            <line falsecount="68" truecount="66" num="26" type="cond"/>
            <line num="27" count="66" type="stmt"/>
            <line falsecount="62" truecount="4" num="27" type="cond"/>
            <line num="31" count="4" type="stmt"/>
            <line num="33" count="4" type="stmt"/>
            <line num="34" count="4" type="stmt"/>
            <line num="37" count="72" type="stmt"/>
            <line falsecount="4" truecount="68" num="37" type="cond"/>
            <line num="38" count="68" type="stmt"/>
            <line complexity="1" visibility="public" signature="setCombat(Combat) : void" num="47" count="1" type="method"/>
            <line num="48" count="1" type="stmt"/>
            <line complexity="1" visibility="public" signature="getParties() : ArrayList&lt;ArrayList&lt;Unit&gt;&gt;" num="56" count="11" type="method"/>
            <line num="57" count="11" type="stmt"/>
            <line complexity="2" visibility="public" signature="checkGroupExisted(ArrayList&lt;Unit&gt;) : boolean" num="66" count="5" type="method"/>
            <line num="67" count="5" type="stmt"/>
            <line num="68" count="2" type="stmt"/>
            <line falsecount="1" truecount="1" num="68" type="cond"/>
            <line num="69" count="1" type="stmt"/>
            <line num="72" count="4" type="stmt"/>
            <line complexity="1" visibility="public" signature="GameLog() : String" num="80" count="3" type="method"/>
            <line num="81" count="3" type="stmt"/>
            <line num="83" count="3" type="stmt"/>
            <line num="84" count="3" type="stmt"/>
            <line num="87" count="3" type="stmt"/>
            <line complexity="1" visibility="public" signature="clearParty() : void" num="95" count="3" type="method"/>
            <line num="96" count="3" type="stmt"/>
            <line complexity="4" visibility="public" signature="findLargest(ArrayList&lt;Unit&gt;) : Unit" num="105" count="158" type="method"/>
            <line num="106" count="158" type="stmt"/>
            <line num="108" count="158" type="stmt"/>
            <line falsecount="56" truecount="102" num="108" type="cond"/>
            <line num="109" count="102" type="stmt"/>
            <line num="111" count="56" type="stmt"/>
            <line falsecount="56" truecount="627" num="111" type="cond"/>
            <line num="112" count="627" type="stmt"/>
            <line falsecount="625" truecount="2" num="112" type="cond"/>
            <line num="113" count="2" type="stmt"/>
            <line num="116" count="56" type="stmt"/>
            <line complexity="4" visibility="public" signature="findSmallest(ArrayList&lt;Unit&gt;) : Unit" num="125" count="159" type="method"/>
            <line num="126" count="159" type="stmt"/>
            <line num="127" count="159" type="stmt"/>
            <line falsecount="56" truecount="103" num="127" type="cond"/>
            <line num="128" count="103" type="stmt"/>
            <line num="130" count="56" type="stmt"/>
            <line falsecount="56" truecount="612" num="130" type="cond"/>
            <line num="131" count="612" type="stmt"/>
            <line falsecount="610" truecount="2" num="131" type="cond"/>
            <line num="132" count="2" type="stmt"/>
            <line num="135" count="56" type="stmt"/>
            <line complexity="6" visibility="public" signature="resolveBattle() : Player" num="143" count="55" type="method"/>
            <line num="145" count="55" type="stmt"/>
            <line num="147" count="55" type="stmt"/>
            <line falsecount="55" truecount="157" num="147" type="cond"/>
            <line num="149" count="157" type="stmt"/>
            <line num="150" count="157" type="stmt"/>
            <line num="151" count="157" type="stmt"/>
            <line num="152" count="157" type="stmt"/>
            <line num="156" count="157" type="stmt"/>
            <line num="157" count="157" type="stmt"/>
            <line num="159" count="157" type="stmt"/>
            <line num="161" count="157" type="stmt"/>
            <line falsecount="54" truecount="103" num="161" type="cond"/>
            <line num="162" count="103" type="stmt"/>
            <line falsecount="49" truecount="54" num="162" type="cond"/>
            <line num="163" count="54" type="stmt"/>
            <line num="164" count="54" type="stmt"/>
            <line num="165" count="54" type="stmt"/>
            <line falsecount="21" truecount="33" num="165" type="cond"/>
            <line num="166" count="33" type="stmt"/>
            <line num="167" count="33" type="stmt"/>
            <line num="170" count="49" type="stmt"/>
            <line num="171" count="49" type="stmt"/>
            <line num="172" count="49" type="stmt"/>
            <line falsecount="27" truecount="22" num="172" type="cond"/>
            <line num="173" count="22" type="stmt"/>
            <line num="174" count="22" type="stmt"/>
            <line num="178" count="157" type="stmt"/>
            <line num="181" count="55" type="stmt"/>
         </file>
         <file path="/Users/yume/Desktop/DUKE/Curricular/23Spr/651/teamproject/Risk_Game/server/src/main/java/edu/duke/ece651/team16/server/MoveOrder.java" name="MoveOrder.java">
            <metrics coveredelements="32" coveredconditionals="5" complexity="7" loc="86" coveredmethods="3" methods="3" elements="40" classes="1" ncloc="51" statements="29" conditionals="8" coveredstatements="24"/>
            <class name="MoveOrder">
               <metrics coveredelements="32" coveredconditionals="5" complexity="7" coveredmethods="3" methods="3" elements="40" statements="29" conditionals="8" coveredstatements="24"/>
            </class>
            <line complexity="1" visibility="public" signature="MoveOrder(Territory,Territory,int,Player,GameMap,int)" num="26" count="3" type="method"/>
            <line num="27" count="3" type="stmt"/>
            <line num="28" count="3" type="stmt"/>
            <line num="29" count="3" type="stmt"/>
            <line num="30" count="3" type="stmt"/>
            <line num="31" count="3" type="stmt"/>
            <line num="32" count="3" type="stmt"/>
            <line complexity="5" visibility="public" signature="tryAction() : String" num="40" count="3" type="method"/>
            <line num="42" count="3" type="stmt"/>
            <line num="43" count="3" type="stmt"/>
            <line num="44" count="3" type="stmt"/>
            <line falsecount="3" truecount="0" num="44" type="cond"/>
            <line num="47" count="0" type="stmt"/>
            <line num="48" count="0" type="stmt"/>
            <line num="49" count="0" type="stmt"/>
            <line falsecount="0" truecount="0" num="49" type="cond"/>
            <line num="50" count="0" type="stmt"/>
            <line num="52" count="0" type="stmt"/>
            <line num="54" count="3" type="stmt"/>
            <line num="55" count="3" type="stmt"/>
            <line num="56" count="3" type="stmt"/>
            <line num="57" count="3" type="stmt"/>
            <line falsecount="2" truecount="1" num="57" type="cond"/>
            <line num="58" count="1" type="stmt"/>
            <line num="60" count="2" type="stmt"/>
            <line num="63" count="2" type="stmt"/>
            <line num="64" count="2" type="stmt"/>
            <line falsecount="1" truecount="1" num="64" type="cond"/>
            <line num="65" count="1" type="stmt"/>
            <line num="69" count="1" type="stmt"/>
            <line num="71" count="1" type="stmt"/>
            <line num="73" count="1" type="stmt"/>
            <line num="74" count="1" type="stmt"/>
            <line complexity="1" visibility="public" signature="moveCost(int) : int" num="81" count="2" type="method"/>
            <line num="82" count="2" type="stmt"/>
            <line num="83" count="2" type="stmt"/>
         </file>
         <file path="/Users/yume/Desktop/DUKE/Curricular/23Spr/651/teamproject/Risk_Game/server/src/main/java/edu/duke/ece651/team16/server/AllianceRuleChecker.java" name="AllianceRuleChecker.java">
            <metrics coveredelements="11" coveredconditionals="4" complexity="4" loc="15" coveredmethods="2" methods="2" elements="11" classes="1" ncloc="12" statements="5" conditionals="4" coveredstatements="5"/>
            <class name="AllianceRuleChecker">
               <metrics coveredelements="11" coveredconditionals="4" complexity="4" coveredmethods="2" methods="2" elements="11" statements="5" conditionals="4" coveredstatements="5"/>
            </class>
            <line complexity="1" visibility="public" signature="AllianceRuleChecker()" num="4" count="4" type="method"/>
            <line complexity="3" visibility="public" signature="checkMyRule(Player,Player) : String" num="7" count="4" type="method"/>
            <line num="8" count="4" type="stmt"/>
            <line falsecount="3" truecount="1" num="8" type="cond"/>
            <line num="9" count="1" type="stmt"/>
            <line num="10" count="3" type="stmt"/>
            <line falsecount="2" truecount="1" num="10" type="cond"/>
            <line num="11" count="1" type="stmt"/>
            <line num="13" count="2" type="stmt"/>
         </file>
         <file path="/Users/yume/Desktop/DUKE/Curricular/23Spr/651/teamproject/Risk_Game/server/src/main/java/edu/duke/ece651/team16/server/Server.java" name="Server.java">
            <metrics coveredelements="56" coveredconditionals="10" complexity="14" loc="145" coveredmethods="5" methods="6" elements="75" classes="1" ncloc="110" statements="57" conditionals="12" coveredstatements="41"/>
            <class name="Server">
               <metrics coveredelements="56" coveredconditionals="10" complexity="14" coveredmethods="5" methods="6" elements="75" statements="57" conditionals="12" coveredstatements="41"/>
            </class>
            <line complexity="1" visibility="public" signature="Server(ServerSocket)" num="29" count="7" type="method"/>
            <line num="30" count="7" type="stmt"/>
            <line num="31" count="7" type="stmt"/>
            <line num="32" count="7" type="stmt"/>
            <line num="34" count="7" type="stmt"/>
            <line num="35" count="7" type="stmt"/>
            <line num="36" count="7" type="stmt"/>
            <line num="37" count="7" type="stmt"/>
            <line complexity="2" visibility="public" signature="acceptOrNull() : Socket" num="46" count="18239" type="method"/>
            <line num="47" count="18239" type="stmt"/>
            <line num="48" count="18239" type="stmt"/>
            <line num="50" count="18238" type="stmt"/>
            <line complexity="3" visibility="public" signature="run() : void" num="57" count="1" type="method"/>
            <line num="58" count="1" type="stmt"/>
            <line falsecount="1" truecount="18238" num="58" type="cond"/>
            <line num="59" count="18238" type="stmt"/>
            <line num="60" count="18238" type="stmt"/>
            <line falsecount="0" truecount="18238" num="60" type="cond"/>
            <line num="61" count="18238" type="stmt"/>
            <line num="63" count="0" type="stmt"/>
            <line num="64" count="0" type="stmt"/>
            <line num="69" count="0" type="stmt"/>
            <line complexity="2" visibility="public" signature="run() : void" num="70" count="0" type="method"/>
            <line num="72" count="0" type="stmt"/>
            <line num="73" count="0" type="stmt"/>
            <line num="74" count="0" type="stmt"/>
            <line num="76" count="0" type="stmt"/>
            <line num="77" count="0" type="stmt"/>
            <line num="78" count="0" type="stmt"/>
            <line num="80" count="0" type="stmt"/>
            <line num="83" count="0" type="stmt"/>
            <line complexity="3" visibility="public" signature="login(Conn) : void" num="91" count="3" type="method"/>
            <line num="93" count="3" type="stmt"/>
            <line num="94" count="4" type="stmt"/>
            <line num="95" count="4" type="stmt"/>
            <line num="96" count="4" type="stmt"/>
            <line num="97" count="4" type="stmt"/>
            <line num="98" count="4" type="stmt"/>
            <line num="100" count="4" type="stmt"/>
            <line num="101" count="4" type="stmt"/>
            <line falsecount="1" truecount="3" num="101" type="cond"/>
            <line num="102" count="3" type="stmt"/>
            <line falsecount="1" truecount="2" num="102" type="cond"/>
            <line num="103" count="2" type="stmt"/>
            <line num="104" count="2" type="stmt"/>
            <line num="106" count="1" type="stmt"/>
            <line num="107" count="1" type="stmt"/>
            <line num="110" count="1" type="stmt"/>
            <line num="111" count="1" type="stmt"/>
            <line num="112" count="1" type="stmt"/>
            <line complexity="3" visibility="public" signature="enterGame(Conn) : void" num="118" count="2" type="method"/>
            <line num="119" count="2" type="stmt"/>
            <line num="120" count="3" type="stmt"/>
            <line num="122" count="3" type="stmt"/>
            <line num="124" count="3" type="stmt"/>
            <line falsecount="3" truecount="0" num="124" type="cond"/>
            <line num="125" count="0" type="stmt"/>
            <line num="126" count="0" type="stmt"/>
            <line num="127" count="0" type="stmt"/>
            <line num="128" count="0" type="stmt"/>
            <line num="129" count="0" type="stmt"/>
            <line num="133" count="3" type="stmt"/>
            <line num="134" count="3" type="stmt"/>
            <line falsecount="2" truecount="1" num="134" type="cond"/>
            <line num="135" count="1" type="stmt"/>
            <line num="136" count="1" type="stmt"/>
            <line num="138" count="2" type="stmt"/>
            <line num="139" count="2" type="stmt"/>
            <line num="140" count="2" type="stmt"/>
         </file>
         <file path="/Users/yume/Desktop/DUKE/Curricular/23Spr/651/teamproject/Risk_Game/server/src/main/java/edu/duke/ece651/team16/server/TerritoryBelongingChecker.java" name="TerritoryBelongingChecker.java">
            <metrics coveredelements="8" coveredconditionals="2" complexity="3" loc="30" coveredmethods="2" methods="2" elements="8" classes="1" ncloc="15" statements="4" conditionals="2" coveredstatements="4"/>
            <class name="TerritoryBelongingChecker">
               <metrics coveredelements="8" coveredconditionals="2" complexity="3" coveredmethods="2" methods="2" elements="8" statements="4" conditionals="2" coveredstatements="4"/>
            </class>
            <line complexity="1" visibility="public" signature="TerritoryBelongingChecker(UpgradeRuleChecker)" num="6" count="9" type="method"/>
            <line num="7" count="9" type="stmt"/>
            <line complexity="2" visibility="public" signature="checkMyRule(Player,Territory,int,int,int) : String" num="21" count="4" type="method"/>
            <line num="24" count="4" type="stmt"/>
            <line falsecount="3" truecount="1" num="24" type="cond"/>
            <line num="25" count="1" type="stmt"/>
            <line num="27" count="3" type="stmt"/>
         </file>
         <file path="/Users/yume/Desktop/DUKE/Curricular/23Spr/651/teamproject/Risk_Game/server/src/main/java/edu/duke/ece651/team16/server/ChatServer.java" name="ChatServer.java">
            <metrics coveredelements="40" coveredconditionals="6" complexity="12" loc="104" coveredmethods="6" methods="7" elements="50" classes="1" ncloc="78" statements="37" conditionals="6" coveredstatements="28"/>
            <class name="ChatServer">
               <metrics coveredelements="40" coveredconditionals="6" complexity="12" coveredmethods="6" methods="7" elements="50" statements="37" conditionals="6" coveredstatements="28"/>
            </class>
            <line complexity="2" visibility="public" signature="ChatServer()" num="23" count="32" type="method"/>
            <line num="24" count="32" type="stmt"/>
            <line num="25" count="32" type="stmt"/>
            <line num="27" count="31" type="stmt"/>
            <line num="29" count="32" type="stmt"/>
            <line num="30" count="32" type="stmt"/>
            <line num="31" count="32" type="stmt"/>
            <line num="32" count="32" type="stmt"/>
            <line complexity="1" visibility="public" signature="addPlayer(Player) : void" num="38" count="10" type="method"/>
            <line num="39" count="10" type="stmt"/>
            <line num="40" count="10" type="stmt"/>
            <line complexity="1" visibility="public" signature="getPlayerListSize() : int" num="43" count="2" type="method"/>
            <line num="44" count="2" type="stmt"/>
            <line complexity="2" visibility="public" signature="setUp() : void" num="50" count="0" type="method"/>
            <line num="51" count="0" type="stmt"/>
            <line num="52" count="0" type="stmt"/>
            <line num="53" count="0" type="stmt"/>
            <line num="54" count="0" type="stmt"/>
            <line num="55" count="0" type="stmt"/>
            <line num="56" count="0" type="stmt"/>
            <line num="57" count="0" type="stmt"/>
            <line num="58" count="0" type="stmt"/>
            <line num="60" count="0" type="stmt"/>
            <line complexity="1" visibility="public" signature="sendWelcome() : void" num="68" count="2" type="method"/>
            <line num="69" count="2" type="stmt"/>
            <line num="70" count="2" type="stmt"/>
            <line num="71" count="2" type="stmt"/>
            <line num="73" count="2" type="stmt"/>
            <line complexity="1" visibility="public" signature="sendToAll(String) : void" num="79" count="2" type="method"/>
            <line num="80" count="2" type="stmt"/>
            <line num="81" count="4" type="stmt"/>
            <line num="82" count="4" type="stmt"/>
            <line complexity="4" visibility="public" signature="sendToOne(String,String,String) : void" num="89" count="3" type="method"/>
            <line num="90" count="3" type="stmt"/>
            <line num="91" count="3" type="stmt"/>
            <line num="92" count="6" type="stmt"/>
            <line falsecount="3" truecount="3" num="92" type="cond"/>
            <line num="93" count="3" type="stmt"/>
            <line num="94" count="3" type="stmt"/>
            <line num="95" count="3" type="stmt"/>
            <line falsecount="2" truecount="1" num="95" type="cond"/>
            <line num="96" count="1" type="stmt"/>
            <line num="97" count="2" type="stmt"/>
            <line falsecount="1" truecount="1" num="97" type="cond"/>
            <line num="98" count="1" type="stmt"/>
            <line num="99" count="1" type="stmt"/>
            <line num="101" count="6" type="stmt"/>
         </file>
         <file path="/Users/yume/Desktop/DUKE/Curricular/23Spr/651/teamproject/Risk_Game/server/src/main/java/edu/duke/ece651/team16/server/Game.java" name="Game.java">
            <metrics coveredelements="200" coveredconditionals="34" complexity="91" loc="736" coveredmethods="22" methods="32" elements="443" classes="1" ncloc="494" statements="317" conditionals="94" coveredstatements="144"/>
            <class name="Game">
               <metrics coveredelements="200" coveredconditionals="34" complexity="91" coveredmethods="22" methods="32" elements="443" statements="317" conditionals="94" coveredstatements="144"/>
            </class>
            <line complexity="1" visibility="public" signature="Game(int,String)" num="33" count="22" type="method"/>
            <line num="34" count="22" type="stmt"/>
            <line num="35" count="22" type="stmt"/>
            <line num="36" count="22" type="stmt"/>
            <line num="37" count="22" type="stmt"/>
            <line num="38" count="22" type="stmt"/>
            <line num="39" count="22" type="stmt"/>
            <line num="40" count="22" type="stmt"/>
            <line num="41" count="22" type="stmt"/>
            <line num="42" count="22" type="stmt"/>
            <line num="43" count="22" type="stmt"/>
            <line num="44" count="22" type="stmt"/>
            <line num="45" count="22" type="stmt"/>
            <line num="46" count="22" type="stmt"/>
            <line num="47" count="22" type="stmt"/>
            <line num="48" count="22" type="stmt"/>
            <line num="49" count="22" type="stmt"/>
            <line num="50" count="22" type="stmt"/>
            <line num="51" count="22" type="stmt"/>
            <line complexity="1" visibility="private" signature="setupMapCreateFns() : void" num="57" count="22" type="method"/>
            <line num="58" count="22" type="stmt"/>
            <line num="59" count="22" type="stmt"/>
            <line num="60" count="22" type="stmt"/>
            <line num="61" count="22" type="stmt"/>
            <line num="62" count="22" type="stmt"/>
            <line complexity="1" visibility="public" signature="getGameState() : String" num="66" count="1" type="method"/>
            <line num="67" count="1" type="stmt"/>
            <line complexity="3" visibility="public" signature="gameFlow(Conn,int) : void" num="76" count="0" type="method"/>
            <line num="78" count="0" type="stmt"/>
            <line num="79" count="0" type="stmt"/>
            <line num="80" count="0" type="stmt"/>
            <line num="82" count="0" type="stmt"/>
            <line num="83" count="0" type="stmt"/>
            <line falsecount="0" truecount="0" num="83" type="cond"/>
            <line num="84" count="0" type="stmt"/>
            <line falsecount="0" truecount="0" num="84" type="cond"/>
            <line num="85" count="0" type="stmt"/>
            <line num="87" count="0" type="stmt"/>
            <line num="88" count="0" type="stmt"/>
            <line num="89" count="0" type="stmt"/>
            <line num="91" count="0" type="stmt"/>
            <line num="93" count="0" type="stmt"/>
            <line complexity="9" visibility="public" signature="doActionPhase(Player,boolean) : void" num="101" count="0" type="method"/>
            <line num="102" count="0" type="stmt"/>
            <line falsecount="0" truecount="0" num="102" type="cond"/>
            <line num="104" count="0" type="stmt"/>
            <line num="105" count="0" type="stmt"/>
            <line num="106" count="0" type="stmt"/>
            <line falsecount="0" truecount="0" num="106" type="cond"/>
            <line num="107" count="0" type="stmt"/>
            <line num="108" count="0" type="stmt"/>
            <line num="110" count="0" type="stmt"/>
            <line num="111" count="0" type="stmt"/>
            <line falsecount="0" truecount="0" num="111" type="cond"/>
            <line num="112" count="0" type="stmt"/>
            <line num="113" count="0" type="stmt"/>
            <line num="114" count="0" type="stmt"/>
            <line num="116" count="0" type="stmt"/>
            <line num="118" count="0" type="stmt"/>
            <line num="119" count="0" type="stmt"/>
            <line num="121" count="0" type="stmt"/>
            <line falsecount="0" truecount="0" num="121" type="cond"/>
            <line num="122" count="0" type="stmt"/>
            <line num="123" count="0" type="stmt"/>
            <line num="127" count="0" type="stmt"/>
            <line num="128" count="0" type="stmt"/>
            <line falsecount="0" truecount="0" num="128" type="cond"/>
            <line num="129" count="0" type="stmt"/>
            <line num="130" count="0" type="stmt"/>
            <line num="131" count="0" type="stmt"/>
            <line num="132" count="0" type="stmt"/>
            <line num="134" count="0" type="stmt"/>
            <line num="135" count="0" type="stmt"/>
            <line num="136" count="0" type="stmt"/>
            <line num="139" count="0" type="stmt"/>
            <line num="140" count="0" type="stmt"/>
            <line num="141" count="0" type="stmt"/>
            <line falsecount="0" truecount="0" num="141" type="cond"/>
            <line num="142" count="0" type="stmt"/>
            <line num="143" count="0" type="stmt"/>
            <line num="147" count="0" type="stmt"/>
            <line num="150" count="0" type="stmt"/>
            <line num="151" count="0" type="stmt"/>
            <line falsecount="0" truecount="0" num="151" type="cond"/>
            <line num="152" count="0" type="stmt"/>
            <line num="153" count="0" type="stmt"/>
            <line num="154" count="0" type="stmt"/>
            <line num="155" count="0" type="stmt"/>
            <line num="157" count="0" type="stmt"/>
            <line num="158" count="0" type="stmt"/>
            <line num="159" count="0" type="stmt"/>
            <line num="163" count="0" type="stmt"/>
            <line num="164" count="0" type="stmt"/>
            <line num="165" count="0" type="stmt"/>
            <line falsecount="0" truecount="0" num="165" type="cond"/>
            <line num="166" count="0" type="stmt"/>
            <line num="170" count="0" type="stmt"/>
            <line num="171" count="0" type="stmt"/>
            <line complexity="3" visibility="public" signature="doPlacementPhase(Conn,int) : Player" num="181" count="1" type="method"/>
            <line num="183" count="1" type="stmt"/>
            <line num="184" count="1" type="stmt"/>
            <line num="186" count="1" type="stmt"/>
            <line num="187" count="49663837" type="stmt"/>
            <line num="188" count="49663840" type="stmt"/>
            <line falsecount="49663847" truecount="0" num="188" type="cond"/>
            <line num="189" count="0" type="stmt"/>
            <line num="190" count="0" type="stmt"/>
            <line num="195" count="0" type="stmt"/>
            <line num="197" count="0" type="stmt"/>
            <line num="199" count="0" type="stmt"/>
            <line num="200" count="0" type="stmt"/>
            <line num="201" count="0" type="stmt"/>
            <line num="202" count="0" type="stmt"/>
            <line num="204" count="0" type="stmt"/>
            <line num="205" count="0" type="stmt"/>
            <line num="206" count="0" type="stmt"/>
            <line num="207" count="0" type="stmt"/>
            <line falsecount="0" truecount="0" num="207" type="cond"/>
            <line num="208" count="0" type="stmt"/>
            <line num="213" count="0" type="stmt"/>
            <line num="214" count="0" type="stmt"/>
            <line num="215" count="0" type="stmt"/>
            <line complexity="1" visibility="public" signature="addPlayer(Player) : void" num="223" count="9" type="method"/>
            <line num="224" count="9" type="stmt"/>
            <line num="225" count="9" type="stmt"/>
            <line complexity="2" visibility="public" signature="chooseColor(Conn) : String" num="234" count="3" type="method"/>
            <line num="235" count="3" type="stmt"/>
            <line num="236" count="3" type="stmt"/>
            <line num="237" count="12" type="stmt"/>
            <line num="239" count="3" type="stmt"/>
            <line num="241" count="3" type="stmt"/>
            <line num="242" count="3" type="stmt"/>
            <line num="243" count="3" type="stmt"/>
            <line num="244" count="3" type="stmt"/>
            <line falsecount="2" truecount="1" num="244" type="cond"/>
            <line num="245" count="1" type="stmt"/>
            <line num="246" count="1" type="stmt"/>
            <line num="248" count="2" type="stmt"/>
            <line num="249" count="2" type="stmt"/>
            <line num="250" count="2" type="stmt"/>
            <line complexity="3" visibility="public" signature="ifChooseWatch(Conn) : String" num="260" count="2" type="method"/>
            <line num="261" count="2" type="stmt"/>
            <line num="263" count="2" type="stmt"/>
            <line num="264" count="2" type="stmt"/>
            <line num="265" count="2" type="stmt"/>
            <line falsecount="1" truecount="1" num="265" type="cond"/>
            <line num="266" count="1" type="stmt"/>
            <line num="267" count="1" type="stmt"/>
            <line num="269" count="1" type="stmt"/>
            <line num="270" count="1" type="stmt"/>
            <line complexity="5" visibility="public" signature="chooseNumOfPlayers(Conn,int) : void" num="280" count="7" type="method"/>
            <line num="281" count="7" type="stmt"/>
            <line falsecount="1" truecount="6" num="281" type="cond"/>
            <line num="282" count="6" type="stmt"/>
            <line num="284" count="6" type="stmt"/>
            <line num="285" count="6" type="stmt"/>
            <line num="286" count="6" type="stmt"/>
            <line num="287" count="5" type="stmt"/>
            <line falsecount="4" truecount="1" num="287" type="cond"/>
            <line num="288" count="1" type="stmt"/>
            <line num="289" count="1" type="stmt"/>
            <line num="290" count="1" type="stmt"/>
            <line num="292" count="4" type="stmt"/>
            <line num="293" count="4" type="stmt"/>
            <line num="295" count="1" type="stmt"/>
            <line num="296" count="1" type="stmt"/>
            <line num="297" count="1" type="stmt"/>
            <line num="303" count="4" type="stmt"/>
            <line num="311" count="1" type="stmt"/>
            <line complexity="1" visibility="public" signature="getNumPlayer() : int" num="321" count="1" type="method"/>
            <line num="322" count="1" type="stmt"/>
            <line complexity="1" visibility="public" signature="initializeMap(int) : void" num="330" count="0" type="method"/>
            <line num="331" count="0" type="stmt"/>
            <line num="334" count="0" type="stmt"/>
            <line num="336" count="0" type="stmt"/>
            <line complexity="6" visibility="public" signature="assignUnits(Player,Conn) : void" num="345" count="9" type="method"/>
            <line num="346" count="9" type="stmt"/>
            <line falsecount="1" truecount="9" num="346" type="cond"/>
            <line num="347" count="9" type="stmt"/>
            <line num="348" count="9" type="stmt"/>
            <line num="349" count="9" type="stmt"/>
            <line falsecount="5" truecount="4" num="349" type="cond"/>
            <line num="350" count="4" type="stmt"/>
            <line num="352" count="5" type="stmt"/>
            <line falsecount="4" truecount="1" num="352" type="cond"/>
            <line num="353" count="1" type="stmt"/>
            <line num="356" count="4" type="stmt"/>
            <line num="357" count="4" type="stmt"/>
            <line num="358" count="4" type="stmt"/>
            <line falsecount="3" truecount="1" num="358" type="cond"/>
            <line num="359" count="1" type="stmt"/>
            <line num="361" count="3" type="stmt"/>
            <line falsecount="1" truecount="2" num="361" type="cond"/>
            <line num="362" count="2" type="stmt"/>
            <line num="364" count="1" type="stmt"/>
            <line num="365" count="1" type="stmt"/>
            <line num="367" count="6" type="stmt"/>
            <line complexity="2" visibility="public" signature="notifyAllPlayers(Conn,String) : void" num="376" count="11" type="method"/>
            <line num="377" count="11" type="stmt"/>
            <line num="378" count="11" type="stmt"/>
            <line num="379" count="11" type="stmt"/>
            <line num="380" count="11" type="stmt"/>
            <line falsecount="9" truecount="2" num="380" type="cond"/>
            <line num="383" count="2" type="stmt"/>
            <line num="384" count="0" type="stmt"/>
            <line num="386" count="2" type="stmt"/>
            <line num="387" count="2" type="stmt"/>
            <line complexity="1" visibility="private" signature="promptTerritory(Player,Conn) : void" num="398" count="9" type="method"/>
            <line num="399" count="9" type="stmt"/>
            <line num="401" count="9" type="stmt"/>
            <line complexity="2" visibility="private" signature="isValidTerritory(Player,String,Conn) : boolean" num="412" count="5" type="method"/>
            <line num="413" count="5" type="stmt"/>
            <line falsecount="4" truecount="1" num="413" type="cond"/>
            <line num="414" count="1" type="stmt"/>
            <line num="415" count="1" type="stmt"/>
            <line num="416" count="1" type="stmt"/>
            <line num="418" count="4" type="stmt"/>
            <line num="419" count="4" type="stmt"/>
            <line complexity="1" visibility="private" signature="promptUnitNumber(Player,String,Conn) : void" num="429" count="4" type="method"/>
            <line num="430" count="4" type="stmt"/>
            <line num="433" count="4" type="stmt"/>
            <line complexity="4" visibility="private" signature="isValidUnitNumber(Player,String,String,Conn) : boolean" num="445" count="3" type="method"/>
            <line num="446" count="3" type="stmt"/>
            <line num="447" count="3" type="stmt"/>
            <line num="448" count="2" type="stmt"/>
            <line falsecount="1" truecount="1" num="448" type="cond"/>
            <line num="449" count="1" type="stmt"/>
            <line num="450" count="1" type="stmt"/>
            <line num="451" count="1" type="stmt"/>
            <line num="453" count="1" type="stmt"/>
            <line num="454" count="1" type="stmt"/>
            <line num="456" count="1" type="stmt"/>
            <line num="457" count="1" type="stmt"/>
            <line num="458" count="1" type="stmt"/>
            <line complexity="1" visibility="public" signature="setNumPlayer(int) : void" num="467" count="3" type="method"/>
            <line num="468" count="3" type="stmt"/>
            <line complexity="9" visibility="public" signature="doAction(Player) : boolean" num="477" count="0" type="method"/>
            <line num="479" count="0" type="stmt"/>
            <line num="480" count="0" type="stmt"/>
            <line num="482" count="0" type="stmt"/>
            <line num="483" count="0" type="stmt"/>
            <line falsecount="0" truecount="0" num="483" type="cond"/>
            <line num="484" count="0" type="stmt"/>
            <line falsecount="0" truecount="0" num="484" type="cond"/>
            <line num="486" count="0" type="stmt"/>
            <line falsecount="0" truecount="0" num="486" type="cond"/>
            <line num="487" count="0" type="stmt"/>
            <line num="490" count="0" type="stmt"/>
            <line num="491" count="0" type="stmt"/>
            <line num="492" count="0" type="stmt"/>
            <line num="494" count="0" type="stmt"/>
            <line num="496" count="0" type="stmt"/>
            <line complexity="4" visibility="public" signature="makeMoveAttackOrder(Player,String) : Order" num="507" count="0" type="method"/>
            <line num="508" count="0" type="stmt"/>
            <line num="510" count="0" type="stmt"/>
            <line num="511" count="0" type="stmt"/>
            <line num="513" count="0" type="stmt"/>
            <line num="514" count="0" type="stmt"/>
            <line num="515" count="0" type="stmt"/>
            <line num="516" count="0" type="stmt"/>
            <line num="519" count="0" type="stmt"/>
            <line num="520" count="0" type="stmt"/>
            <line num="522" count="0" type="stmt"/>
            <line falsecount="0" truecount="0" num="522" type="cond"/>
            <line num="523" count="0" type="stmt"/>
            <line num="525" count="0" type="stmt"/>
            <line num="527" count="0" type="stmt"/>
            <line falsecount="0" truecount="0" num="527" type="cond"/>
            <line num="528" count="0" type="stmt"/>
            <line num="529" count="0" type="stmt"/>
            <line num="531" count="0" type="stmt"/>
            <line complexity="2" visibility="public" signature="makeUpgradeOrder(Player) : Order" num="542" count="0" type="method"/>
            <line num="543" count="0" type="stmt"/>
            <line num="545" count="0" type="stmt"/>
            <line num="546" count="0" type="stmt"/>
            <line num="548" count="0" type="stmt"/>
            <line num="549" count="0" type="stmt"/>
            <line num="550" count="0" type="stmt"/>
            <line num="551" count="0" type="stmt"/>
            <line num="552" count="0" type="stmt"/>
            <line num="553" count="0" type="stmt"/>
            <line falsecount="0" truecount="0" num="553" type="cond"/>
            <line num="554" count="0" type="stmt"/>
            <line num="555" count="0" type="stmt"/>
            <line num="557" count="0" type="stmt"/>
            <line num="558" count="0" type="stmt"/>
            <line complexity="2" visibility="public" signature="makeAllianceOrder(Player) : Order" num="561" count="0" type="method"/>
            <line num="562" count="0" type="stmt"/>
            <line num="563" count="0" type="stmt"/>
            <line num="564" count="0" type="stmt"/>
            <line num="565" count="0" type="stmt"/>
            <line falsecount="0" truecount="0" num="565" type="cond"/>
            <line num="566" count="0" type="stmt"/>
            <line num="567" count="0" type="stmt"/>
            <line num="569" count="0" type="stmt"/>
            <line num="570" count="0" type="stmt"/>
            <line complexity="1" visibility="public" signature="makeResearchOrder(Player) : Order" num="579" count="1" type="method"/>
            <line num="580" count="1" type="stmt"/>
            <line num="581" count="1" type="stmt"/>
            <line num="582" count="1" type="stmt"/>
            <line complexity="3" visibility="public" signature="makeSpecialOrder(Player) : Order" num="585" count="0" type="method"/>
            <line num="586" count="0" type="stmt"/>
            <line num="587" count="0" type="stmt"/>
            <line num="588" count="0" type="stmt"/>
            <line num="589" count="0" type="stmt"/>
            <line num="590" count="0" type="stmt"/>
            <line falsecount="0" truecount="0" num="590" type="cond"/>
            <line num="591" count="0" type="stmt"/>
            <line num="592" count="0" type="stmt"/>
            <line falsecount="0" truecount="0" num="592" type="cond"/>
            <line num="593" count="0" type="stmt"/>
            <line num="594" count="0" type="stmt"/>
            <line num="596" count="0" type="stmt"/>
            <line num="598" count="0" type="stmt"/>
            <line num="600" count="0" type="stmt"/>
            <line complexity="10" visibility="public" signature="doOneAction(Player,String) : boolean" num="609" count="0" type="method"/>
            <line num="610" count="0" type="stmt"/>
            <line num="611" count="0" type="stmt"/>
            <line falsecount="0" truecount="0" num="611" type="cond"/>
            <line num="612" count="0" type="stmt"/>
            <line num="613" count="0" type="stmt"/>
            <line falsecount="0" truecount="0" num="613" type="cond"/>
            <line num="614" count="0" type="stmt"/>
            <line num="615" count="0" type="stmt"/>
            <line falsecount="0" truecount="0" num="615" type="cond"/>
            <line num="616" count="0" type="stmt"/>
            <line num="617" count="0" type="stmt"/>
            <line falsecount="0" truecount="0" num="617" type="cond"/>
            <line num="618" count="0" type="stmt"/>
            <line num="619" count="0" type="stmt"/>
            <line falsecount="0" truecount="0" num="619" type="cond"/>
            <line num="620" count="0" type="stmt"/>
            <line num="622" count="0" type="stmt"/>
            <line falsecount="0" truecount="0" num="622" type="cond"/>
            <line num="623" count="0" type="stmt"/>
            <line num="625" count="0" type="stmt"/>
            <line num="626" count="0" type="stmt"/>
            <line falsecount="0" truecount="0" num="626" type="cond"/>
            <line num="627" count="0" type="stmt"/>
            <line num="628" count="0" type="stmt"/>
            <line num="629" count="0" type="stmt"/>
            <line num="630" count="0" type="stmt"/>
            <line falsecount="0" truecount="0" num="630" type="cond"/>
            <line num="631" count="0" type="stmt"/>
            <line num="632" count="0" type="stmt"/>
            <line num="633" count="0" type="stmt"/>
            <line num="637" count="0" type="stmt"/>
            <line num="638" count="0" type="stmt"/>
            <line num="642" count="0" type="stmt"/>
            <line complexity="2" visibility="public" signature="checkNameReturnTerritory(String,GameMap) : Territory" num="653" count="2" type="method"/>
            <line num="654" count="2" type="stmt"/>
            <line num="655" count="3" type="stmt"/>
            <line num="656" count="3" type="stmt"/>
            <line falsecount="2" truecount="1" num="656" type="cond"/>
            <line num="657" count="1" type="stmt"/>
            <line num="661" count="1" type="stmt"/>
            <line complexity="2" visibility="public" signature="checkNameReturnPlayer(String,GameMap) : Player" num="664" count="0" type="method"/>
            <line num="665" count="0" type="stmt"/>
            <line num="666" count="0" type="stmt"/>
            <line falsecount="0" truecount="0" num="666" type="cond"/>
            <line num="667" count="0" type="stmt"/>
            <line num="670" count="0" type="stmt"/>
            <line complexity="3" visibility="public" signature="worldwar() : HashMap&lt;String, String&gt;" num="678" count="2" type="method"/>
            <line num="679" count="2" type="stmt"/>
            <line num="680" count="2" type="stmt"/>
            <line num="681" count="2" type="stmt"/>
            <line num="683" count="2" type="stmt"/>
            <line num="684" count="2" type="stmt"/>
            <line falsecount="1" truecount="1" num="684" type="cond"/>
            <line num="685" count="1" type="stmt"/>
[...]
            <line num="43" count="1" type="stmt"/>
            <line num="45" count="1" type="stmt"/>
            <line complexity="1" visibility="public" signature="testSetRates() : void" num="48" testsuccess="true" count="1" testduration="0.0" type="method"/>
            <line num="50" count="1" type="stmt"/>
            <line num="51" count="1" type="stmt"/>
            <line num="54" count="1" type="stmt"/>
            <line num="57" count="1" type="stmt"/>
            <line num="58" count="1" type="stmt"/>
            <line num="61" count="1" type="stmt"/>
            <line num="62" count="1" type="stmt"/>
            <line complexity="1" visibility="public" signature="test_equals() : void" num="66" testsuccess="true" count="1" testduration="0.0" type="method"/>
            <line num="68" count="1" type="stmt"/>
            <line num="69" count="1" type="stmt"/>
            <line num="70" count="1" type="stmt"/>
            <line num="71" count="1" type="stmt"/>
            <line num="72" count="1" type="stmt"/>
            <line num="73" count="1" type="stmt"/>
            <line num="74" count="1" type="stmt"/>
            <line complexity="1" visibility="public" signature="testGetDistance() : void" num="77" testsuccess="true" count="1" testduration="0.0" type="method"/>
            <line num="79" count="1" type="stmt"/>
            <line num="80" count="1" type="stmt"/>
            <line num="81" count="1" type="stmt"/>
            <line num="82" count="1" type="stmt"/>
            <line num="83" count="1" type="stmt"/>
            <line num="85" count="1" type="stmt"/>
            <line num="87" count="1" type="stmt"/>
            <line complexity="1" visibility="public" signature="testTryRemoveUnits() : void" num="90" testsuccess="true" count="1" testduration="0.0" type="method"/>
            <line num="92" count="1" type="stmt"/>
            <line num="94" count="1" type="stmt"/>
            <line num="95" count="1" type="stmt"/>
            <line num="96" count="1" type="stmt"/>
            <line num="97" count="1" type="stmt"/>
            <line num="99" count="1" type="stmt"/>
            <line num="100" count="1" type="stmt"/>
            <line num="101" count="1" type="stmt"/>
            <line num="102" count="1" type="stmt"/>
            <line num="103" count="1" type="stmt"/>
            <line num="104" count="1" type="stmt"/>
            <line num="105" count="1" type="stmt"/>
            <line num="106" count="1" type="stmt"/>
            <line complexity="1" visibility="public" signature="testGetUnits() : void" num="111" testsuccess="true" count="1" testduration="0.0" type="method"/>
            <line num="113" count="1" type="stmt"/>
            <line num="114" count="1" type="stmt"/>
            <line num="115" count="1" type="stmt"/>
            <line num="116" count="1" type="stmt"/>
            <line num="120" count="1" type="stmt"/>
            <line num="121" count="1" type="stmt"/>
            <line num="122" count="1" type="stmt"/>
            <line num="124" count="1" type="stmt"/>
            <line num="125" count="1" type="stmt"/>
            <line num="126" count="1" type="stmt"/>
            <line num="127" count="1" type="stmt"/>
            <line num="128" count="1" type="stmt"/>
            <line complexity="1" visibility="public" signature="testTryAddUnits() : void" num="131" testsuccess="true" count="1" testduration="0.0" type="method"/>
            <line num="134" count="1" type="stmt"/>
            <line num="135" count="1" type="stmt"/>
            <line num="139" count="1" type="stmt"/>
            <line num="140" count="1" type="stmt"/>
            <line num="141" count="1" type="stmt"/>
            <line num="143" count="1" type="stmt"/>
            <line num="144" count="1" type="stmt"/>
            <line num="145" count="1" type="stmt"/>
            <line num="146" count="1" type="stmt"/>
            <line num="149" count="1" type="stmt"/>
            <line num="153" count="1" type="stmt"/>
            <line num="154" count="1" type="stmt"/>
            <line num="155" count="1" type="stmt"/>
            <line num="157" count="1" type="stmt"/>
            <line num="158" count="1" type="stmt"/>
            <line num="161" count="1" type="stmt"/>
            <line num="162" count="1" type="stmt"/>
            <line num="163" count="1" type="stmt"/>
            <line num="164" count="1" type="stmt"/>
            <line num="165" count="1" type="stmt"/>
            <line complexity="1" visibility="public" signature="testGetUnitsString() : void" num="168" testsuccess="true" count="1" testduration="0.0" type="method"/>
            <line num="170" count="1" type="stmt"/>
            <line num="172" count="1" type="stmt"/>
            <line num="173" count="1" type="stmt"/>
            <line num="174" count="1" type="stmt"/>
            <line num="175" count="1" type="stmt"/>
            <line num="177" count="1" type="stmt"/>
            <line num="178" count="1" type="stmt"/>
            <line num="179" count="1" type="stmt"/>
            <line num="181" count="1" type="stmt"/>
            <line num="182" count="1" type="stmt"/>
            <line num="183" count="1" type="stmt"/>
            <line num="185" count="1" type="stmt"/>
            <line num="186" count="1" type="stmt"/>
            <line num="187" count="1" type="stmt"/>
            <line complexity="1" visibility="public" signature="testGetAliveUnitsFor() : void" num="191" testsuccess="true" count="1" testduration="0.0" type="method"/>
            <line num="193" count="1" type="stmt"/>
            <line num="194" count="1" type="stmt"/>
            <line num="195" count="1" type="stmt"/>
            <line num="196" count="1" type="stmt"/>
            <line num="197" count="1" type="stmt"/>
            <line num="199" count="1" type="stmt"/>
            <line num="200" count="1" type="stmt"/>
            <line num="201" count="1" type="stmt"/>
            <line num="203" count="1" type="stmt"/>
            <line num="204" count="1" type="stmt"/>
            <line num="205" count="1" type="stmt"/>
            <line num="208" count="1" type="stmt"/>
            <line num="209" count="1" type="stmt"/>
            <line num="210" count="1" type="stmt"/>
            <line num="211" count="1" type="stmt"/>
            <line num="212" count="1" type="stmt"/>
            <line complexity="1" visibility="public" signature="test_existBattle() : void" num="215" testsuccess="true" count="1" testduration="0.0" type="method"/>
            <line num="218" count="1" type="stmt"/>
            <line num="219" count="1" type="stmt"/>
            <line num="221" count="1" type="stmt"/>
            <line num="222" count="1" type="stmt"/>
            <line num="223" count="1" type="stmt"/>
            <line num="224" count="1" type="stmt"/>
            <line num="226" count="1" type="stmt"/>
            <line num="227" count="1" type="stmt"/>
            <line num="228" count="1" type="stmt"/>
            <line num="229" count="1" type="stmt"/>
            <line complexity="1" visibility="public" signature="test_DefendHome() : void" num="232" testsuccess="true" count="1" testduration="0.0" type="method"/>
            <line num="234" count="1" type="stmt"/>
            <line num="235" count="1" type="stmt"/>
            <line num="236" count="1" type="stmt"/>
            <line num="237" count="1" type="stmt"/>
            <line num="238" count="1" type="stmt"/>
            <line num="239" count="1" type="stmt"/>
            <line num="240" count="1" type="stmt"/>
            <line complexity="1" visibility="public" signature="testDoBattle() : void" num="243" testsuccess="true" count="1" testduration="0.0" type="method"/>
            <line num="245" count="1" type="stmt"/>
            <line num="246" count="1" type="stmt"/>
            <line num="248" count="1" type="stmt"/>
            <line num="249" count="1" type="stmt"/>
            <line num="250" count="1" type="stmt"/>
            <line num="251" count="1" type="stmt"/>
            <line num="253" count="1" type="stmt"/>
            <line num="254" count="1" type="stmt"/>
            <line num="255" count="1" type="stmt"/>
            <line num="256" count="1" type="stmt"/>
            <line complexity="1" visibility="public" signature="testDoBattle2() : void" num="259" testsuccess="true" count="1" testduration="0.001" type="method"/>
            <line num="261" count="1" type="stmt"/>
            <line num="262" count="1" type="stmt"/>
            <line num="264" count="1" type="stmt"/>
            <line num="265" count="1" type="stmt"/>
            <line num="266" count="1" type="stmt"/>
            <line num="267" count="1" type="stmt"/>
            <line num="269" count="1" type="stmt"/>
            <line num="270" count="1" type="stmt"/>
            <line num="271" count="1" type="stmt"/>
            <line num="272" count="1" type="stmt"/>
            <line complexity="1" visibility="public" signature="testDoBattle1() : void" num="275" testsuccess="true" count="1" testduration="0.0" type="method"/>
            <line num="277" count="1" type="stmt"/>
            <line num="278" count="1" type="stmt"/>
            <line num="279" count="1" type="stmt"/>
            <line num="280" count="1" type="stmt"/>
            <line num="281" count="1" type="stmt"/>
            <line num="282" count="1" type="stmt"/>
            <line num="283" count="1" type="stmt"/>
            <line num="285" count="1" type="stmt"/>
            <line num="286" count="1" type="stmt"/>
            <line num="287" count="1" type="stmt"/>
            <line num="288" count="1" type="stmt"/>
            <line num="289" count="1" type="stmt"/>
            <line num="291" count="1" type="stmt"/>
            <line num="292" count="1" type="stmt"/>
            <line num="293" count="1" type="stmt"/>
            <line num="294" count="1" type="stmt"/>
            <line num="295" count="1" type="stmt"/>
            <line num="296" count="1" type="stmt"/>
            <line num="297" count="1" type="stmt"/>
            <line num="298" count="1" type="stmt"/>
         </file>
         <file path="/Users/yume/Desktop/DUKE/Curricular/23Spr/651/teamproject/Risk_Game/server/src/test/java/edu/duke/ece651/team16/server/MoveOrderTest.java" name="MoveOrderTest.java">
            <metrics coveredelements="46" coveredconditionals="0" complexity="3" loc="67" coveredmethods="3" methods="3" elements="46" classes="1" ncloc="59" statements="43" conditionals="0" coveredstatements="43"/>
            <class name="MoveOrderTest">
               <metrics coveredelements="46" complexity="3" methods="3" testruns="3" statements="43" coveredconditionals="0" coveredmethods="3" elements="46" testfailures="0" testduration="0.001" conditionals="0" coveredstatements="43" testpasses="3"/>
            </class>
            <line complexity="1" visibility="public" signature="test_valid_tryMove() : void" num="12" testsuccess="true" count="1" testduration="0.0" type="method"/>
            <line num="14" count="1" type="stmt"/>
            <line num="15" count="1" type="stmt"/>
            <line num="16" count="1" type="stmt"/>
            <line num="17" count="1" type="stmt"/>
            <line num="18" count="1" type="stmt"/>
            <line num="19" count="1" type="stmt"/>
            <line num="20" count="1" type="stmt"/>
            <line num="21" count="1" type="stmt"/>
            <line num="22" count="1" type="stmt"/>
            <line num="23" count="1" type="stmt"/>
            <line num="24" count="1" type="stmt"/>
            <line num="25" count="1" type="stmt"/>
            <line num="26" count="1" type="stmt"/>
            <line num="27" count="1" type="stmt"/>
            <line num="28" count="1" type="stmt"/>
            <line num="29" count="1" type="stmt"/>
            <line num="30" count="1" type="stmt"/>
            <line complexity="1" visibility="public" signature="test_not_enough_unit() : void" num="33" testsuccess="true" count="1" testduration="0.001" type="method"/>
            <line num="35" count="1" type="stmt"/>
            <line num="36" count="1" type="stmt"/>
            <line num="37" count="1" type="stmt"/>
            <line num="38" count="1" type="stmt"/>
            <line num="39" count="1" type="stmt"/>
            <line num="40" count="1" type="stmt"/>
            <line num="41" count="1" type="stmt"/>
            <line num="42" count="1" type="stmt"/>
            <line num="43" count="1" type="stmt"/>
            <line num="44" count="1" type="stmt"/>
            <line complexity="1" visibility="public" signature="test_not_enough_resource() : void" num="47" testsuccess="true" count="1" testduration="0.0" type="method"/>
            <line num="49" count="1" type="stmt"/>
            <line num="50" count="1" type="stmt"/>
            <line num="51" count="1" type="stmt"/>
            <line num="52" count="1" type="stmt"/>
            <line num="53" count="1" type="stmt"/>
            <line num="54" count="1" type="stmt"/>
            <line num="55" count="1" type="stmt"/>
            <line num="56" count="1" type="stmt"/>
            <line num="57" count="1" type="stmt"/>
            <line num="58" count="1" type="stmt"/>
            <line num="59" count="1" type="stmt"/>
            <line num="60" count="1" type="stmt"/>
            <line num="61" count="1" type="stmt"/>
            <line num="62" count="1" type="stmt"/>
            <line num="63" count="1" type="stmt"/>
            <line num="64" count="1" type="stmt"/>
         </file>
         <file path="/Users/yume/Desktop/DUKE/Curricular/23Spr/651/teamproject/Risk_Game/server/src/test/java/edu/duke/ece651/team16/server/TerritoryBelongingCheckerTest.java" name="TerritoryBelongingCheckerTest.java">
            <metrics coveredelements="36" coveredconditionals="0" complexity="2" loc="53" coveredmethods="2" methods="2" elements="36" classes="1" ncloc="47" statements="34" conditionals="0" coveredstatements="34"/>
            <class name="TerritoryBelongingCheckerTest">
               <metrics coveredelements="36" complexity="2" methods="2" testruns="2" statements="34" coveredconditionals="0" coveredmethods="2" elements="36" testfailures="0" testduration="0.002" conditionals="0" coveredstatements="34" testpasses="2"/>
            </class>
            <line complexity="1" visibility="public" signature="test_valid() : void" num="11" testsuccess="true" count="1" testduration="0.001" type="method"/>
            <line num="13" count="1" type="stmt"/>
            <line num="14" count="1" type="stmt"/>
            <line num="15" count="1" type="stmt"/>
            <line num="16" count="1" type="stmt"/>
            <line num="17" count="1" type="stmt"/>
            <line num="18" count="1" type="stmt"/>
            <line num="19" count="1" type="stmt"/>
            <line num="20" count="1" type="stmt"/>
            <line num="21" count="1" type="stmt"/>
            <line num="22" count="1" type="stmt"/>
            <line num="23" count="1" type="stmt"/>
            <line num="24" count="1" type="stmt"/>
            <line num="25" count="1" type="stmt"/>
            <line num="26" count="1" type="stmt"/>
            <line num="27" count="1" type="stmt"/>
            <line num="28" count="1" type="stmt"/>
            <line num="29" count="1" type="stmt"/>
            <line num="30" count="1" type="stmt"/>
            <line complexity="1" visibility="public" signature="test_invalid() : void" num="33" testsuccess="true" count="1" testduration="0.001" type="method"/>
            <line num="35" count="1" type="stmt"/>
            <line num="36" count="1" type="stmt"/>
            <line num="37" count="1" type="stmt"/>
            <line num="38" count="1" type="stmt"/>
            <line num="39" count="1" type="stmt"/>
            <line num="40" count="1" type="stmt"/>
            <line num="41" count="1" type="stmt"/>
            <line num="42" count="1" type="stmt"/>
            <line num="43" count="1" type="stmt"/>
            <line num="44" count="1" type="stmt"/>
            <line num="45" count="1" type="stmt"/>
            <line num="46" count="1" type="stmt"/>
            <line num="47" count="1" type="stmt"/>
            <line num="48" count="1" type="stmt"/>
            <line num="49" count="1" type="stmt"/>
            <line num="50" count="1" type="stmt"/>
         </file>
         <file path="/Users/yume/Desktop/DUKE/Curricular/23Spr/651/teamproject/Risk_Game/server/src/test/java/edu/duke/ece651/team16/server/AppTest.java" name="AppTest.java">
            <metrics coveredelements="17" coveredconditionals="0" complexity="1" loc="48" coveredmethods="1" methods="1" elements="17" classes="1" ncloc="31" statements="16" conditionals="0" coveredstatements="16"/>
            <class name="AppTest">
               <metrics coveredelements="17" complexity="1" methods="1" testruns="1" statements="16" coveredconditionals="0" coveredmethods="1" elements="17" testfailures="0" testduration="0.051" conditionals="0" coveredstatements="16" testpasses="1"/>
            </class>
            <line complexity="1" visibility="public" signature="testRunServer() : void" num="16" testsuccess="true" count="1" testduration="0.051" type="method"/>
            <line num="18" count="1" type="stmt"/>
            <line num="19" count="1" type="stmt"/>
            <line num="22" count="1" type="stmt"/>
            <line num="23" count="1" type="stmt"/>
            <line num="26" count="1" type="stmt"/>
            <line num="28" count="1" type="stmt"/>
            <line num="29" count="1" type="stmt"/>
            <line num="30" count="1" type="stmt"/>
            <line num="32" count="1" type="stmt"/>
            <line num="33" count="1" type="stmt"/>
            <line num="34" count="1" type="stmt"/>
            <line num="37" count="1" type="stmt"/>
            <line num="40" count="1" type="stmt"/>
            <line num="43" count="1" type="stmt"/>
            <line num="44" count="1" type="stmt"/>
            <line num="45" count="1" type="stmt"/>
         </file>
         <file path="/Users/yume/Desktop/DUKE/Curricular/23Spr/651/teamproject/Risk_Game/server/src/test/java/edu/duke/ece651/team16/server/TerritoryEnoughUnitCheckerTest.java" name="TerritoryEnoughUnitCheckerTest.java">
            <metrics coveredelements="17" coveredconditionals="0" complexity="1" loc="33" coveredmethods="1" methods="1" elements="17" classes="1" ncloc="28" statements="16" conditionals="0" coveredstatements="16"/>
            <class name="TerritoryEnoughUnitCheckerTest">
               <metrics coveredelements="17" complexity="1" methods="1" testruns="1" statements="16" coveredconditionals="0" coveredmethods="1" elements="17" testfailures="0" testduration="0.0" conditionals="0" coveredstatements="16" testpasses="1"/>
            </class>
            <line complexity="1" visibility="public" signature="test_invalid() : void" num="11" testsuccess="true" count="1" testduration="0.0" type="method"/>
            <line num="13" count="1" type="stmt"/>
            <line num="14" count="1" type="stmt"/>
            <line num="15" count="1" type="stmt"/>
            <line num="16" count="1" type="stmt"/>
            <line num="17" count="1" type="stmt"/>
            <line num="18" count="1" type="stmt"/>
            <line num="19" count="1" type="stmt"/>
            <line num="20" count="1" type="stmt"/>
            <line num="21" count="1" type="stmt"/>
            <line num="22" count="1" type="stmt"/>
            <line num="23" count="1" type="stmt"/>
            <line num="24" count="1" type="stmt"/>
            <line num="25" count="1" type="stmt"/>
            <line num="26" count="1" type="stmt"/>
            <line num="27" count="1" type="stmt"/>
            <line num="28" count="1" type="stmt"/>
         </file>
      </package>
   </testproject>
</coverage>